{"__type":"$$EventMessageWorkflow","id":"1ef9d929-ecbb-48f8-aa1e-e93aff2d516e","ts":"2025-11-17T11:15:58.116+00:00","eventName":"n8n.workflow.started","message":"n8n.workflow.started","payload":{"executionId":"379","workflowId":"xulC3f6S9P2FrlLb","isManual":false,"workflowName":"Enviar Invitaciones Automáticas"}}
{"__type":"$$EventMessageConfirm","confirm":"1ef9d929-ecbb-48f8-aa1e-e93aff2d516e","ts":"2025-11-17T11:15:58.117+00:00","source":{"id":"0","name":"eventBus"}}
{"__type":"$$EventMessageNode","id":"88d85c69-7aa7-45b4-aa73-608a0cf33c23","ts":"2025-11-17T11:15:58.118+00:00","eventName":"n8n.node.started","message":"n8n.node.started","payload":{"workflowId":"xulC3f6S9P2FrlLb","workflowName":"Enviar Invitaciones Automáticas","executionId":"379","nodeType":"n8n-nodes-base.scheduleTrigger","nodeName":"⏰ Cada Minuto","nodeId":"ac88ece8-aea7-4d35-a18e-c15ac7bcc38b"}}
{"__type":"$$EventMessageConfirm","confirm":"88d85c69-7aa7-45b4-aa73-608a0cf33c23","ts":"2025-11-17T11:15:58.118+00:00","source":{"id":"0","name":"eventBus"}}
{"__type":"$$EventMessageNode","id":"b6ae273f-91d7-4926-9e27-c2b14a291e2a","ts":"2025-11-17T11:15:58.121+00:00","eventName":"n8n.node.finished","message":"n8n.node.finished","payload":{"workflowId":"xulC3f6S9P2FrlLb","workflowName":"Enviar Invitaciones Automáticas","executionId":"379","nodeType":"n8n-nodes-base.scheduleTrigger","nodeName":"⏰ Cada Minuto","nodeId":"ac88ece8-aea7-4d35-a18e-c15ac7bcc38b"}}
{"__type":"$$EventMessageConfirm","confirm":"b6ae273f-91d7-4926-9e27-c2b14a291e2a","ts":"2025-11-17T11:15:58.121+00:00","source":{"id":"0","name":"eventBus"}}
{"__type":"$$EventMessageNode","id":"ea37131e-1341-4565-b899-b41c804d3b7c","ts":"2025-11-17T11:15:58.121+00:00","eventName":"n8n.node.started","message":"n8n.node.started","payload":{"workflowId":"xulC3f6S9P2FrlLb","workflowName":"Enviar Invitaciones Automáticas","executionId":"379","nodeType":"n8n-nodes-base.postgres","nodeName":"🗄️ Obtener Invitaciones Pendientes","nodeId":"037ce15c-53af-494b-8dc1-9869170e307f"}}
{"__type":"$$EventMessageConfirm","confirm":"ea37131e-1341-4565-b899-b41c804d3b7c","ts":"2025-11-17T11:15:58.122+00:00","source":{"id":"0","name":"eventBus"}}
{"__type":"$$EventMessageNode","id":"d15b391c-2469-4d50-b9d3-921ce315c6dd","ts":"2025-11-17T11:15:58.212+00:00","eventName":"n8n.node.finished","message":"n8n.node.finished","payload":{"workflowId":"xulC3f6S9P2FrlLb","workflowName":"Enviar Invitaciones Automáticas","executionId":"379","nodeType":"n8n-nodes-base.postgres","nodeName":"🗄️ Obtener Invitaciones Pendientes","nodeId":"037ce15c-53af-494b-8dc1-9869170e307f"}}
{"__type":"$$EventMessageConfirm","confirm":"d15b391c-2469-4d50-b9d3-921ce315c6dd","ts":"2025-11-17T11:15:58.212+00:00","source":{"id":"0","name":"eventBus"}}
{"__type":"$$EventMessageNode","id":"4fdf5b29-f265-4776-b1d0-c18fdeb6aed5","ts":"2025-11-17T11:15:58.212+00:00","eventName":"n8n.node.started","message":"n8n.node.started","payload":{"workflowId":"xulC3f6S9P2FrlLb","workflowName":"Enviar Invitaciones Automáticas","executionId":"379","nodeType":"n8n-nodes-base.function","nodeName":"🔑 Generar Credenciales Fijas","nodeId":"ed0c1a7a-7fa8-4534-9d93-1c2f4f61abb3"}}
{"__type":"$$EventMessageConfirm","confirm":"4fdf5b29-f265-4776-b1d0-c18fdeb6aed5","ts":"2025-11-17T11:15:58.212+00:00","source":{"id":"0","name":"eventBus"}}
{"__type":"$$EventMessageNode","id":"c33a7bf2-c79f-46e6-a40e-09303988b410","ts":"2025-11-17T12:15:58.246+01:00","eventName":"n8n.node.finished","message":"n8n.node.finished","payload":{"workflowId":"xulC3f6S9P2FrlLb","workflowName":"Enviar Invitaciones Automáticas","executionId":"379","nodeType":"n8n-nodes-base.function","nodeName":"🔑 Generar Credenciales Fijas","nodeId":"ed0c1a7a-7fa8-4534-9d93-1c2f4f61abb3"}}
{"__type":"$$EventMessageConfirm","confirm":"c33a7bf2-c79f-46e6-a40e-09303988b410","ts":"2025-11-17T12:15:58.246+01:00","source":{"id":"0","name":"eventBus"}}
{"__type":"$$EventMessageNode","id":"d7a62f33-4318-493b-b657-572db60847d5","ts":"2025-11-17T12:15:58.246+01:00","eventName":"n8n.node.started","message":"n8n.node.started","payload":{"workflowId":"xulC3f6S9P2FrlLb","workflowName":"Enviar Invitaciones Automáticas","executionId":"379","nodeType":"n8n-nodes-base.emailSend","nodeName":"📧 Enviar Correo con Credenciales","nodeId":"44b3034f-a508-4686-bcc8-989b55ebc507"}}
{"__type":"$$EventMessageConfirm","confirm":"d7a62f33-4318-493b-b657-572db60847d5","ts":"2025-11-17T12:15:58.247+01:00","source":{"id":"0","name":"eventBus"}}
{"__type":"$$EventMessageNode","id":"de5e56fc-77ed-4d21-b337-5e5518627f0e","ts":"2025-11-17T12:16:02.904+01:00","eventName":"n8n.node.finished","message":"n8n.node.finished","payload":{"workflowId":"xulC3f6S9P2FrlLb","workflowName":"Enviar Invitaciones Automáticas","executionId":"379","nodeType":"n8n-nodes-base.emailSend","nodeName":"📧 Enviar Correo con Credenciales","nodeId":"44b3034f-a508-4686-bcc8-989b55ebc507"}}
{"__type":"$$EventMessageConfirm","confirm":"de5e56fc-77ed-4d21-b337-5e5518627f0e","ts":"2025-11-17T12:16:02.904+01:00","source":{"id":"0","name":"eventBus"}}
{"__type":"$$EventMessageNode","id":"0df9337e-f2a6-483e-a80c-b1945bfccbf7","ts":"2025-11-17T12:16:02.904+01:00","eventName":"n8n.node.started","message":"n8n.node.started","payload":{"workflowId":"xulC3f6S9P2FrlLb","workflowName":"Enviar Invitaciones Automáticas","executionId":"379","nodeType":"n8n-nodes-base.code","nodeName":"Filtrado de usuarios","nodeId":"3e9ae525-f02d-4a0b-b58e-468cf3abbfa7"}}
{"__type":"$$EventMessageConfirm","confirm":"0df9337e-f2a6-483e-a80c-b1945bfccbf7","ts":"2025-11-17T12:16:02.904+01:00","source":{"id":"0","name":"eventBus"}}
{"__type":"$$EventMessageRunner","id":"74110d31-ee00-4e52-8c71-127f1ba04879","ts":"2025-11-17T12:16:02.910+01:00","eventName":"n8n.runner.task.requested","message":"n8n.runner.task.requested","payload":{"taskId":"5PwR4JfW","nodeId":"3e9ae525-f02d-4a0b-b58e-468cf3abbfa7","workflowId":"xulC3f6S9P2FrlLb","executionId":"379"}}
{"__type":"$$EventMessageConfirm","confirm":"74110d31-ee00-4e52-8c71-127f1ba04879","ts":"2025-11-17T12:16:02.910+01:00","source":{"id":"0","name":"eventBus"}}
{"__type":"$$EventMessageRunner","id":"5e37f276-9bd3-4167-aed5-befa400b26f1","ts":"2025-11-17T12:16:02.988+01:00","eventName":"n8n.runner.response.received","message":"n8n.runner.response.received","payload":{"taskId":"5PwR4JfW","nodeId":"3e9ae525-f02d-4a0b-b58e-468cf3abbfa7","workflowId":"xulC3f6S9P2FrlLb","executionId":"379"}}
{"__type":"$$EventMessageConfirm","confirm":"5e37f276-9bd3-4167-aed5-befa400b26f1","ts":"2025-11-17T12:16:02.988+01:00","source":{"id":"0","name":"eventBus"}}
{"__type":"$$EventMessageNode","id":"4cf48e88-51d9-4ff4-a0e5-a8e3ae31f16e","ts":"2025-11-17T12:16:02.989+01:00","eventName":"n8n.node.finished","message":"n8n.node.finished","payload":{"workflowId":"xulC3f6S9P2FrlLb","workflowName":"Enviar Invitaciones Automáticas","executionId":"379","nodeType":"n8n-nodes-base.code","nodeName":"Filtrado de usuarios","nodeId":"3e9ae525-f02d-4a0b-b58e-468cf3abbfa7"}}
{"__type":"$$EventMessageConfirm","confirm":"4cf48e88-51d9-4ff4-a0e5-a8e3ae31f16e","ts":"2025-11-17T12:16:02.989+01:00","source":{"id":"0","name":"eventBus"}}
{"__type":"$$EventMessageNode","id":"9acb126b-50c4-4af7-8f0a-0b6a35773ad4","ts":"2025-11-17T12:16:02.990+01:00","eventName":"n8n.node.started","message":"n8n.node.started","payload":{"workflowId":"xulC3f6S9P2FrlLb","workflowName":"Enviar Invitaciones Automáticas","executionId":"379","nodeType":"n8n-nodes-base.postgres","nodeName":"🗄️ Crear Usuario en BD","nodeId":"08b8b5bc-b47a-40a4-bac4-11af8291d482"}}
{"__type":"$$EventMessageConfirm","confirm":"9acb126b-50c4-4af7-8f0a-0b6a35773ad4","ts":"2025-11-17T12:16:02.990+01:00","source":{"id":"0","name":"eventBus"}}
{"__type":"$$EventMessageNode","id":"03b5663e-4be9-459d-be0a-b8585fc67db1","ts":"2025-11-17T12:16:03.046+01:00","eventName":"n8n.node.finished","message":"n8n.node.finished","payload":{"workflowId":"xulC3f6S9P2FrlLb","workflowName":"Enviar Invitaciones Automáticas","executionId":"379","nodeType":"n8n-nodes-base.postgres","nodeName":"🗄️ Crear Usuario en BD","nodeId":"08b8b5bc-b47a-40a4-bac4-11af8291d482"}}
{"__type":"$$EventMessageConfirm","confirm":"03b5663e-4be9-459d-be0a-b8585fc67db1","ts":"2025-11-17T12:16:03.046+01:00","source":{"id":"0","name":"eventBus"}}
{"__type":"$$EventMessageWorkflow","id":"de2d283f-0a23-4d8f-9042-8cf77821f3bc","ts":"2025-11-17T12:16:03.050+01:00","eventName":"n8n.workflow.success","message":"n8n.workflow.success","payload":{"executionId":"379","success":true,"isManual":false,"workflowId":"xulC3f6S9P2FrlLb","workflowName":"Enviar Invitaciones Automáticas"}}
{"__type":"$$EventMessageConfirm","confirm":"de2d283f-0a23-4d8f-9042-8cf77821f3bc","ts":"2025-11-17T12:16:03.050+01:00","source":{"id":"0","name":"eventBus"}}
{"__type":"$$EventMessageWorkflow","id":"f6128537-2446-4223-a124-827f74b84edb","ts":"2025-11-17T12:20:58.036+01:00","eventName":"n8n.workflow.started","message":"n8n.workflow.started","payload":{"executionId":"380","workflowId":"xulC3f6S9P2FrlLb","isManual":false,"workflowName":"Enviar Invitaciones Automáticas"}}
{"__type":"$$EventMessageConfirm","confirm":"f6128537-2446-4223-a124-827f74b84edb","ts":"2025-11-17T12:20:58.037+01:00","source":{"id":"0","name":"eventBus"}}
{"__type":"$$EventMessageNode","id":"88a70d98-5586-4841-b711-c2fbc1ddba8b","ts":"2025-11-17T12:20:58.037+01:00","eventName":"n8n.node.started","message":"n8n.node.started","payload":{"workflowId":"xulC3f6S9P2FrlLb","workflowName":"Enviar Invitaciones Automáticas","executionId":"380","nodeType":"n8n-nodes-base.scheduleTrigger","nodeName":"⏰ Cada Minuto","nodeId":"ac88ece8-aea7-4d35-a18e-c15ac7bcc38b"}}
{"__type":"$$EventMessageConfirm","confirm":"88a70d98-5586-4841-b711-c2fbc1ddba8b","ts":"2025-11-17T12:20:58.037+01:00","source":{"id":"0","name":"eventBus"}}
{"__type":"$$EventMessageNode","id":"5ccd9803-1a17-40cd-977a-f38326427fb8","ts":"2025-11-17T12:20:58.037+01:00","eventName":"n8n.node.finished","message":"n8n.node.finished","payload":{"workflowId":"xulC3f6S9P2FrlLb","workflowName":"Enviar Invitaciones Automáticas","executionId":"380","nodeType":"n8n-nodes-base.scheduleTrigger","nodeName":"⏰ Cada Minuto","nodeId":"ac88ece8-aea7-4d35-a18e-c15ac7bcc38b"}}
{"__type":"$$EventMessageConfirm","confirm":"5ccd9803-1a17-40cd-977a-f38326427fb8","ts":"2025-11-17T12:20:58.037+01:00","source":{"id":"0","name":"eventBus"}}
{"__type":"$$EventMessageNode","id":"e7d69dca-b098-4893-8b9c-e95e118d5a6e","ts":"2025-11-17T12:20:58.038+01:00","eventName":"n8n.node.started","message":"n8n.node.started","payload":{"workflowId":"xulC3f6S9P2FrlLb","workflowName":"Enviar Invitaciones Automáticas","executionId":"380","nodeType":"n8n-nodes-base.postgres","nodeName":"🗄️ Obtener Invitaciones Pendientes","nodeId":"037ce15c-53af-494b-8dc1-9869170e307f"}}
{"__type":"$$EventMessageConfirm","confirm":"e7d69dca-b098-4893-8b9c-e95e118d5a6e","ts":"2025-11-17T12:20:58.038+01:00","source":{"id":"0","name":"eventBus"}}
{"__type":"$$EventMessageNode","id":"54a644bb-fe14-4c74-b712-3317bf1c1efc","ts":"2025-11-17T12:20:58.060+01:00","eventName":"n8n.node.finished","message":"n8n.node.finished","payload":{"workflowId":"xulC3f6S9P2FrlLb","workflowName":"Enviar Invitaciones Automáticas","executionId":"380","nodeType":"n8n-nodes-base.postgres","nodeName":"🗄️ Obtener Invitaciones Pendientes","nodeId":"037ce15c-53af-494b-8dc1-9869170e307f"}}
{"__type":"$$EventMessageConfirm","confirm":"54a644bb-fe14-4c74-b712-3317bf1c1efc","ts":"2025-11-17T12:20:58.061+01:00","source":{"id":"0","name":"eventBus"}}
{"__type":"$$EventMessageNode","id":"2d70852d-7de5-4913-910a-c7480b9beead","ts":"2025-11-17T12:20:58.061+01:00","eventName":"n8n.node.started","message":"n8n.node.started","payload":{"workflowId":"xulC3f6S9P2FrlLb","workflowName":"Enviar Invitaciones Automáticas","executionId":"380","nodeType":"n8n-nodes-base.function","nodeName":"🔑 Generar Credenciales Fijas","nodeId":"ed0c1a7a-7fa8-4534-9d93-1c2f4f61abb3"}}
{"__type":"$$EventMessageConfirm","confirm":"2d70852d-7de5-4913-910a-c7480b9beead","ts":"2025-11-17T12:20:58.061+01:00","source":{"id":"0","name":"eventBus"}}
{"__type":"$$EventMessageNode","id":"b1dc0ac4-8339-4779-8566-3154da25a128","ts":"2025-11-17T12:20:58.069+01:00","eventName":"n8n.node.finished","message":"n8n.node.finished","payload":{"workflowId":"xulC3f6S9P2FrlLb","workflowName":"Enviar Invitaciones Automáticas","executionId":"380","nodeType":"n8n-nodes-base.function","nodeName":"🔑 Generar Credenciales Fijas","nodeId":"ed0c1a7a-7fa8-4534-9d93-1c2f4f61abb3"}}
{"__type":"$$EventMessageConfirm","confirm":"b1dc0ac4-8339-4779-8566-3154da25a128","ts":"2025-11-17T12:20:58.069+01:00","source":{"id":"0","name":"eventBus"}}
{"__type":"$$EventMessageNode","id":"ee1d1d79-601b-430b-b59c-0bd8e9d87cc8","ts":"2025-11-17T12:20:58.070+01:00","eventName":"n8n.node.started","message":"n8n.node.started","payload":{"workflowId":"xulC3f6S9P2FrlLb","workflowName":"Enviar Invitaciones Automáticas","executionId":"380","nodeType":"n8n-nodes-base.emailSend","nodeName":"📧 Enviar Correo con Credenciales","nodeId":"44b3034f-a508-4686-bcc8-989b55ebc507"}}
{"__type":"$$EventMessageConfirm","confirm":"ee1d1d79-601b-430b-b59c-0bd8e9d87cc8","ts":"2025-11-17T12:20:58.070+01:00","source":{"id":"0","name":"eventBus"}}
{"__type":"$$EventMessageNode","id":"d9dd16f1-a9b0-4292-b95a-a4f03fe4ea68","ts":"2025-11-17T12:21:02.398+01:00","eventName":"n8n.node.finished","message":"n8n.node.finished","payload":{"workflowId":"xulC3f6S9P2FrlLb","workflowName":"Enviar Invitaciones Automáticas","executionId":"380","nodeType":"n8n-nodes-base.emailSend","nodeName":"📧 Enviar Correo con Credenciales","nodeId":"44b3034f-a508-4686-bcc8-989b55ebc507"}}
{"__type":"$$EventMessageConfirm","confirm":"d9dd16f1-a9b0-4292-b95a-a4f03fe4ea68","ts":"2025-11-17T12:21:02.398+01:00","source":{"id":"0","name":"eventBus"}}
{"__type":"$$EventMessageNode","id":"ee9d7639-f20f-48f7-8db2-0347ef914dd5","ts":"2025-11-17T12:21:02.398+01:00","eventName":"n8n.node.started","message":"n8n.node.started","payload":{"workflowId":"xulC3f6S9P2FrlLb","workflowName":"Enviar Invitaciones Automáticas","executionId":"380","nodeType":"n8n-nodes-base.code","nodeName":"Filtrado de usuarios","nodeId":"3e9ae525-f02d-4a0b-b58e-468cf3abbfa7"}}
{"__type":"$$EventMessageConfirm","confirm":"ee9d7639-f20f-48f7-8db2-0347ef914dd5","ts":"2025-11-17T12:21:02.398+01:00","source":{"id":"0","name":"eventBus"}}
{"__type":"$$EventMessageRunner","id":"56a057cf-124f-472c-b93d-83fc42180d39","ts":"2025-11-17T12:21:02.400+01:00","eventName":"n8n.runner.task.requested","message":"n8n.runner.task.requested","payload":{"taskId":"79YxVCnw","nodeId":"3e9ae525-f02d-4a0b-b58e-468cf3abbfa7","workflowId":"xulC3f6S9P2FrlLb","executionId":"380"}}
{"__type":"$$EventMessageConfirm","confirm":"56a057cf-124f-472c-b93d-83fc42180d39","ts":"2025-11-17T12:21:02.400+01:00","source":{"id":"0","name":"eventBus"}}
{"__type":"$$EventMessageRunner","id":"11a6a8e2-6e49-4de0-8b56-43de2d9343c8","ts":"2025-11-17T12:21:02.410+01:00","eventName":"n8n.runner.response.received","message":"n8n.runner.response.received","payload":{"taskId":"79YxVCnw","nodeId":"3e9ae525-f02d-4a0b-b58e-468cf3abbfa7","workflowId":"xulC3f6S9P2FrlLb","executionId":"380"}}
{"__type":"$$EventMessageConfirm","confirm":"11a6a8e2-6e49-4de0-8b56-43de2d9343c8","ts":"2025-11-17T12:21:02.410+01:00","source":{"id":"0","name":"eventBus"}}
{"__type":"$$EventMessageNode","id":"4dbf568a-f7de-45c5-8efc-8221f4f57a46","ts":"2025-11-17T12:21:02.411+01:00","eventName":"n8n.node.finished","message":"n8n.node.finished","payload":{"workflowId":"xulC3f6S9P2FrlLb","workflowName":"Enviar Invitaciones Automáticas","executionId":"380","nodeType":"n8n-nodes-base.code","nodeName":"Filtrado de usuarios","nodeId":"3e9ae525-f02d-4a0b-b58e-468cf3abbfa7"}}
{"__type":"$$EventMessageConfirm","confirm":"4dbf568a-f7de-45c5-8efc-8221f4f57a46","ts":"2025-11-17T12:21:02.411+01:00","source":{"id":"0","name":"eventBus"}}
{"__type":"$$EventMessageNode","id":"157ca6fc-6896-4e13-a6c7-736b062a48c7","ts":"2025-11-17T12:21:02.411+01:00","eventName":"n8n.node.started","message":"n8n.node.started","payload":{"workflowId":"xulC3f6S9P2FrlLb","workflowName":"Enviar Invitaciones Automáticas","executionId":"380","nodeType":"n8n-nodes-base.postgres","nodeName":"🗄️ Crear Usuario en BD","nodeId":"08b8b5bc-b47a-40a4-bac4-11af8291d482"}}
{"__type":"$$EventMessageConfirm","confirm":"157ca6fc-6896-4e13-a6c7-736b062a48c7","ts":"2025-11-17T12:21:02.411+01:00","source":{"id":"0","name":"eventBus"}}
{"__type":"$$EventMessageNode","id":"822d91aa-7ee5-4030-89db-a1ace7e4fa78","ts":"2025-11-17T12:21:02.450+01:00","eventName":"n8n.node.finished","message":"n8n.node.finished","payload":{"workflowId":"xulC3f6S9P2FrlLb","workflowName":"Enviar Invitaciones Automáticas","executionId":"380","nodeType":"n8n-nodes-base.postgres","nodeName":"🗄️ Crear Usuario en BD","nodeId":"08b8b5bc-b47a-40a4-bac4-11af8291d482"}}
{"__type":"$$EventMessageConfirm","confirm":"822d91aa-7ee5-4030-89db-a1ace7e4fa78","ts":"2025-11-17T12:21:02.450+01:00","source":{"id":"0","name":"eventBus"}}
{"__type":"$$EventMessageWorkflow","id":"39f5c131-2fb0-4df4-aaef-726ad996dd55","ts":"2025-11-17T12:21:02.450+01:00","eventName":"n8n.workflow.success","message":"n8n.workflow.success","payload":{"executionId":"380","success":true,"isManual":false,"workflowId":"xulC3f6S9P2FrlLb","workflowName":"Enviar Invitaciones Automáticas"}}
{"__type":"$$EventMessageConfirm","confirm":"39f5c131-2fb0-4df4-aaef-726ad996dd55","ts":"2025-11-17T12:21:02.450+01:00","source":{"id":"0","name":"eventBus"}}
