{"__type":"$$EventMessageWorkflow","id":"cf40558d-d943-4021-af42-17b4b1faa832","ts":"2025-11-12T07:43:43.719+00:00","eventName":"n8n.workflow.started","message":"n8n.workflow.started","payload":{"executionId":"124","workflowId":"aHCB2XCQRQt8f7Oj","isManual":false,"workflowName":"Recordatorio - No fichó salida tras 8h (BD + Email) ✅"}}
{"__type":"$$EventMessageConfirm","confirm":"cf40558d-d943-4021-af42-17b4b1faa832","ts":"2025-11-12T07:43:43.720+00:00","source":{"id":"0","name":"eventBus"}}
{"__type":"$$EventMessageNode","id":"f459888f-cb78-4f59-889c-732fb095379d","ts":"2025-11-12T07:43:43.722+00:00","eventName":"n8n.node.started","message":"n8n.node.started","payload":{"workflowId":"aHCB2XCQRQt8f7Oj","workflowName":"Recordatorio - No fichó salida tras 8h (BD + Email) ✅","executionId":"124","nodeType":"n8n-nodes-base.cron","nodeName":"⏰ Cron cada hora","nodeId":"451f7103-60ee-44ac-ac5b-a2146c9e34cc"}}
{"__type":"$$EventMessageConfirm","confirm":"f459888f-cb78-4f59-889c-732fb095379d","ts":"2025-11-12T07:43:43.722+00:00","source":{"id":"0","name":"eventBus"}}
{"__type":"$$EventMessageNode","id":"ea8d3c7c-8262-48fc-bac4-b805d2de3277","ts":"2025-11-12T07:43:43.748+00:00","eventName":"n8n.node.finished","message":"n8n.node.finished","payload":{"workflowId":"aHCB2XCQRQt8f7Oj","workflowName":"Recordatorio - No fichó salida tras 8h (BD + Email) ✅","executionId":"124","nodeType":"n8n-nodes-base.cron","nodeName":"⏰ Cron cada hora","nodeId":"451f7103-60ee-44ac-ac5b-a2146c9e34cc"}}
{"__type":"$$EventMessageConfirm","confirm":"ea8d3c7c-8262-48fc-bac4-b805d2de3277","ts":"2025-11-12T07:43:43.748+00:00","source":{"id":"0","name":"eventBus"}}
{"__type":"$$EventMessageNode","id":"73fdeb5b-88c6-4f36-be57-c4bcae3d117a","ts":"2025-11-12T07:43:43.751+00:00","eventName":"n8n.node.started","message":"n8n.node.started","payload":{"workflowId":"aHCB2XCQRQt8f7Oj","workflowName":"Recordatorio - No fichó salida tras 8h (BD + Email) ✅","executionId":"124","nodeType":"n8n-nodes-base.postgres","nodeName":"🔍 Buscar empleados sin salida","nodeId":"53aa37cd-4e75-47d9-a80a-d8c944fd86f2"}}
{"__type":"$$EventMessageConfirm","confirm":"73fdeb5b-88c6-4f36-be57-c4bcae3d117a","ts":"2025-11-12T07:43:43.751+00:00","source":{"id":"0","name":"eventBus"}}
{"__type":"$$EventMessageNode","id":"3d8deaaa-ed8d-4c37-af41-30fdc310a068","ts":"2025-11-12T07:43:43.786+00:00","eventName":"n8n.node.finished","message":"n8n.node.finished","payload":{"workflowId":"aHCB2XCQRQt8f7Oj","workflowName":"Recordatorio - No fichó salida tras 8h (BD + Email) ✅","executionId":"124","nodeType":"n8n-nodes-base.postgres","nodeName":"🔍 Buscar empleados sin salida","nodeId":"53aa37cd-4e75-47d9-a80a-d8c944fd86f2"}}
{"__type":"$$EventMessageConfirm","confirm":"3d8deaaa-ed8d-4c37-af41-30fdc310a068","ts":"2025-11-12T07:43:43.786+00:00","source":{"id":"0","name":"eventBus"}}
{"__type":"$$EventMessageWorkflow","id":"544b828a-66d2-4334-b9ad-01b13a3f5f27","ts":"2025-11-12T07:43:43.797+00:00","eventName":"n8n.workflow.failed","message":"n8n.workflow.failed","payload":{"userId":"4b81e23c-4620-48df-bb2c-c27e1649c325","executionId":"124","success":false,"isManual":true,"workflowId":"aHCB2XCQRQt8f7Oj","workflowName":"Recordatorio - No fichó salida tras 8h (BD + Email) ✅","lastNodeExecuted":"🔍 Buscar empleados sin salida","errorMessage":"Found credential with no ID."}}
{"__type":"$$EventMessageConfirm","confirm":"544b828a-66d2-4334-b9ad-01b13a3f5f27","ts":"2025-11-12T07:43:43.797+00:00","source":{"id":"0","name":"eventBus"}}
{"__type":"$$EventMessageWorkflow","id":"34bf18a3-ee1a-4898-a6c9-a48807902a79","ts":"2025-11-12T07:43:54.505+00:00","eventName":"n8n.workflow.started","message":"n8n.workflow.started","payload":{"executionId":"125","workflowId":"aHCB2XCQRQt8f7Oj","isManual":false,"workflowName":"Recordatorio - No fichó salida tras 8h (BD + Email) ✅"}}
{"__type":"$$EventMessageConfirm","confirm":"34bf18a3-ee1a-4898-a6c9-a48807902a79","ts":"2025-11-12T07:43:54.505+00:00","source":{"id":"0","name":"eventBus"}}
{"__type":"$$EventMessageNode","id":"ea6ac266-af88-40f0-88a0-48c4f28e6394","ts":"2025-11-12T07:43:54.507+00:00","eventName":"n8n.node.started","message":"n8n.node.started","payload":{"workflowId":"aHCB2XCQRQt8f7Oj","workflowName":"Recordatorio - No fichó salida tras 8h (BD + Email) ✅","executionId":"125","nodeType":"n8n-nodes-base.postgres","nodeName":"🔍 Buscar empleados sin salida","nodeId":"53aa37cd-4e75-47d9-a80a-d8c944fd86f2"}}
{"__type":"$$EventMessageConfirm","confirm":"ea6ac266-af88-40f0-88a0-48c4f28e6394","ts":"2025-11-12T07:43:54.507+00:00","source":{"id":"0","name":"eventBus"}}
{"__type":"$$EventMessageNode","id":"39133549-074d-4396-bedc-d50fd026dadd","ts":"2025-11-12T07:43:54.578+00:00","eventName":"n8n.node.finished","message":"n8n.node.finished","payload":{"workflowId":"aHCB2XCQRQt8f7Oj","workflowName":"Recordatorio - No fichó salida tras 8h (BD + Email) ✅","executionId":"125","nodeType":"n8n-nodes-base.postgres","nodeName":"🔍 Buscar empleados sin salida","nodeId":"53aa37cd-4e75-47d9-a80a-d8c944fd86f2"}}
{"__type":"$$EventMessageConfirm","confirm":"39133549-074d-4396-bedc-d50fd026dadd","ts":"2025-11-12T07:43:54.579+00:00","source":{"id":"0","name":"eventBus"}}
{"__type":"$$EventMessageWorkflow","id":"25fd40ee-d93f-4780-a05c-1465e1614865","ts":"2025-11-12T07:43:54.584+00:00","eventName":"n8n.workflow.success","message":"n8n.workflow.success","payload":{"userId":"4b81e23c-4620-48df-bb2c-c27e1649c325","executionId":"125","success":true,"isManual":true,"workflowId":"aHCB2XCQRQt8f7Oj","workflowName":"Recordatorio - No fichó salida tras 8h (BD + Email) ✅"}}
{"__type":"$$EventMessageConfirm","confirm":"25fd40ee-d93f-4780-a05c-1465e1614865","ts":"2025-11-12T07:43:54.584+00:00","source":{"id":"0","name":"eventBus"}}
{"__type":"$$EventMessageWorkflow","id":"6dccfa53-5559-46fb-a178-49d064f16ea2","ts":"2025-11-12T07:43:57.486+00:00","eventName":"n8n.workflow.started","message":"n8n.workflow.started","payload":{"executionId":"126","workflowId":"aHCB2XCQRQt8f7Oj","isManual":false,"workflowName":"Recordatorio - No fichó salida tras 8h (BD + Email) ✅"}}
{"__type":"$$EventMessageConfirm","confirm":"6dccfa53-5559-46fb-a178-49d064f16ea2","ts":"2025-11-12T07:43:57.487+00:00","source":{"id":"0","name":"eventBus"}}
{"__type":"$$EventMessageNode","id":"1a43ee7e-626b-422d-b78c-e9fc44ce98d3","ts":"2025-11-12T07:43:57.487+00:00","eventName":"n8n.node.started","message":"n8n.node.started","payload":{"workflowId":"aHCB2XCQRQt8f7Oj","workflowName":"Recordatorio - No fichó salida tras 8h (BD + Email) ✅","executionId":"126","nodeType":"n8n-nodes-base.cron","nodeName":"⏰ Cron cada hora","nodeId":"451f7103-60ee-44ac-ac5b-a2146c9e34cc"}}
{"__type":"$$EventMessageConfirm","confirm":"1a43ee7e-626b-422d-b78c-e9fc44ce98d3","ts":"2025-11-12T07:43:57.487+00:00","source":{"id":"0","name":"eventBus"}}
{"__type":"$$EventMessageNode","id":"815a1d00-986d-49cb-ab23-d8ae155b1885","ts":"2025-11-12T07:43:57.502+00:00","eventName":"n8n.node.finished","message":"n8n.node.finished","payload":{"workflowId":"aHCB2XCQRQt8f7Oj","workflowName":"Recordatorio - No fichó salida tras 8h (BD + Email) ✅","executionId":"126","nodeType":"n8n-nodes-base.cron","nodeName":"⏰ Cron cada hora","nodeId":"451f7103-60ee-44ac-ac5b-a2146c9e34cc"}}
{"__type":"$$EventMessageConfirm","confirm":"815a1d00-986d-49cb-ab23-d8ae155b1885","ts":"2025-11-12T07:43:57.502+00:00","source":{"id":"0","name":"eventBus"}}
{"__type":"$$EventMessageNode","id":"d74c51c8-390c-421b-adc5-38c3e5bca1f3","ts":"2025-11-12T07:43:57.504+00:00","eventName":"n8n.node.started","message":"n8n.node.started","payload":{"workflowId":"aHCB2XCQRQt8f7Oj","workflowName":"Recordatorio - No fichó salida tras 8h (BD + Email) ✅","executionId":"126","nodeType":"n8n-nodes-base.postgres","nodeName":"🔍 Buscar empleados sin salida","nodeId":"53aa37cd-4e75-47d9-a80a-d8c944fd86f2"}}
{"__type":"$$EventMessageConfirm","confirm":"d74c51c8-390c-421b-adc5-38c3e5bca1f3","ts":"2025-11-12T07:43:57.504+00:00","source":{"id":"0","name":"eventBus"}}
{"__type":"$$EventMessageNode","id":"6390e3cd-182f-4265-8015-6d35e350f882","ts":"2025-11-12T07:43:57.523+00:00","eventName":"n8n.node.finished","message":"n8n.node.finished","payload":{"workflowId":"aHCB2XCQRQt8f7Oj","workflowName":"Recordatorio - No fichó salida tras 8h (BD + Email) ✅","executionId":"126","nodeType":"n8n-nodes-base.postgres","nodeName":"🔍 Buscar empleados sin salida","nodeId":"53aa37cd-4e75-47d9-a80a-d8c944fd86f2"}}
{"__type":"$$EventMessageConfirm","confirm":"6390e3cd-182f-4265-8015-6d35e350f882","ts":"2025-11-12T07:43:57.523+00:00","source":{"id":"0","name":"eventBus"}}
{"__type":"$$EventMessageNode","id":"303244c5-5fe8-4c76-84b0-847a119111e3","ts":"2025-11-12T07:43:57.525+00:00","eventName":"n8n.node.started","message":"n8n.node.started","payload":{"workflowId":"aHCB2XCQRQt8f7Oj","workflowName":"Recordatorio - No fichó salida tras 8h (BD + Email) ✅","executionId":"126","nodeType":"n8n-nodes-base.function","nodeName":"🧮 Generar Query SQL","nodeId":"d623c03e-6453-4271-b091-691280cf6018"}}
{"__type":"$$EventMessageConfirm","confirm":"303244c5-5fe8-4c76-84b0-847a119111e3","ts":"2025-11-12T07:43:57.525+00:00","source":{"id":"0","name":"eventBus"}}
{"__type":"$$EventMessageNode","id":"8a19b2a7-21e6-4cd5-aefb-f176be5e6193","ts":"2025-11-12T08:43:57.568+01:00","eventName":"n8n.node.finished","message":"n8n.node.finished","payload":{"workflowId":"aHCB2XCQRQt8f7Oj","workflowName":"Recordatorio - No fichó salida tras 8h (BD + Email) ✅","executionId":"126","nodeType":"n8n-nodes-base.function","nodeName":"🧮 Generar Query SQL","nodeId":"d623c03e-6453-4271-b091-691280cf6018"}}
{"__type":"$$EventMessageConfirm","confirm":"8a19b2a7-21e6-4cd5-aefb-f176be5e6193","ts":"2025-11-12T08:43:57.568+01:00","source":{"id":"0","name":"eventBus"}}
{"__type":"$$EventMessageNode","id":"8ccf08a6-bc2b-4493-970a-07bec37fcc47","ts":"2025-11-12T08:43:57.570+01:00","eventName":"n8n.node.started","message":"n8n.node.started","payload":{"workflowId":"aHCB2XCQRQt8f7Oj","workflowName":"Recordatorio - No fichó salida tras 8h (BD + Email) ✅","executionId":"126","nodeType":"n8n-nodes-base.postgres","nodeName":"💾 Insertar notificación BD","nodeId":"3089a6ce-0da4-496d-bab5-22a347bad753"}}
{"__type":"$$EventMessageConfirm","confirm":"8ccf08a6-bc2b-4493-970a-07bec37fcc47","ts":"2025-11-12T08:43:57.570+01:00","source":{"id":"0","name":"eventBus"}}
{"__type":"$$EventMessageNode","id":"d2c6ae7a-eac3-4db8-b7d4-2ff2ecbac3ae","ts":"2025-11-12T08:43:57.620+01:00","eventName":"n8n.node.finished","message":"n8n.node.finished","payload":{"workflowId":"aHCB2XCQRQt8f7Oj","workflowName":"Recordatorio - No fichó salida tras 8h (BD + Email) ✅","executionId":"126","nodeType":"n8n-nodes-base.postgres","nodeName":"💾 Insertar notificación BD","nodeId":"3089a6ce-0da4-496d-bab5-22a347bad753"}}
{"__type":"$$EventMessageConfirm","confirm":"d2c6ae7a-eac3-4db8-b7d4-2ff2ecbac3ae","ts":"2025-11-12T08:43:57.620+01:00","source":{"id":"0","name":"eventBus"}}
{"__type":"$$EventMessageNode","id":"2c211fca-b7ed-46cf-a812-837574ede62e","ts":"2025-11-12T08:43:57.621+01:00","eventName":"n8n.node.started","message":"n8n.node.started","payload":{"workflowId":"aHCB2XCQRQt8f7Oj","workflowName":"Recordatorio - No fichó salida tras 8h (BD + Email) ✅","executionId":"126","nodeType":"n8n-nodes-base.emailSend","nodeName":"📧 Enviar correo al empleado","nodeId":"61e7fca5-17e3-4b24-bbbf-4da21fa80833"}}
{"__type":"$$EventMessageConfirm","confirm":"2c211fca-b7ed-46cf-a812-837574ede62e","ts":"2025-11-12T08:43:57.622+01:00","source":{"id":"0","name":"eventBus"}}
{"__type":"$$EventMessageNode","id":"465f9bd1-2c9a-4796-a765-4bdac198ae9a","ts":"2025-11-12T08:43:57.639+01:00","eventName":"n8n.node.finished","message":"n8n.node.finished","payload":{"workflowId":"aHCB2XCQRQt8f7Oj","workflowName":"Recordatorio - No fichó salida tras 8h (BD + Email) ✅","executionId":"126","nodeType":"n8n-nodes-base.emailSend","nodeName":"📧 Enviar correo al empleado","nodeId":"61e7fca5-17e3-4b24-bbbf-4da21fa80833"}}
{"__type":"$$EventMessageConfirm","confirm":"465f9bd1-2c9a-4796-a765-4bdac198ae9a","ts":"2025-11-12T08:43:57.640+01:00","source":{"id":"0","name":"eventBus"}}
{"__type":"$$EventMessageWorkflow","id":"e7d6db74-5ffd-4732-ab44-3076a6e77839","ts":"2025-11-12T08:43:57.646+01:00","eventName":"n8n.workflow.failed","message":"n8n.workflow.failed","payload":{"userId":"4b81e23c-4620-48df-bb2c-c27e1649c325","executionId":"126","success":false,"isManual":true,"workflowId":"aHCB2XCQRQt8f7Oj","workflowName":"Recordatorio - No fichó salida tras 8h (BD + Email) ✅","lastNodeExecuted":"📧 Enviar correo al empleado","errorMessage":"Found credential with no ID."}}
{"__type":"$$EventMessageConfirm","confirm":"e7d6db74-5ffd-4732-ab44-3076a6e77839","ts":"2025-11-12T08:43:57.646+01:00","source":{"id":"0","name":"eventBus"}}
{"__type":"$$EventMessageWorkflow","id":"97dbad60-3938-4344-aa32-b78004724638","ts":"2025-11-12T08:44:12.742+01:00","eventName":"n8n.workflow.started","message":"n8n.workflow.started","payload":{"executionId":"127","workflowId":"aHCB2XCQRQt8f7Oj","isManual":false,"workflowName":"Recordatorio - No fichó salida tras 8h (BD + Email) ✅"}}
{"__type":"$$EventMessageConfirm","confirm":"97dbad60-3938-4344-aa32-b78004724638","ts":"2025-11-12T08:44:12.742+01:00","source":{"id":"0","name":"eventBus"}}
{"__type":"$$EventMessageNode","id":"72472100-c01c-4222-bd74-c7bb081d8f7d","ts":"2025-11-12T08:44:12.743+01:00","eventName":"n8n.node.started","message":"n8n.node.started","payload":{"workflowId":"aHCB2XCQRQt8f7Oj","workflowName":"Recordatorio - No fichó salida tras 8h (BD + Email) ✅","executionId":"127","nodeType":"n8n-nodes-base.emailSend","nodeName":"📧 Enviar correo al empleado","nodeId":"61e7fca5-17e3-4b24-bbbf-4da21fa80833"}}
{"__type":"$$EventMessageConfirm","confirm":"72472100-c01c-4222-bd74-c7bb081d8f7d","ts":"2025-11-12T08:44:12.743+01:00","source":{"id":"0","name":"eventBus"}}
{"__type":"$$EventMessageNode","id":"6922496e-dbdf-456d-8900-693544011973","ts":"2025-11-12T08:44:12.796+01:00","eventName":"n8n.node.finished","message":"n8n.node.finished","payload":{"workflowId":"aHCB2XCQRQt8f7Oj","workflowName":"Recordatorio - No fichó salida tras 8h (BD + Email) ✅","executionId":"127","nodeType":"n8n-nodes-base.emailSend","nodeName":"📧 Enviar correo al empleado","nodeId":"61e7fca5-17e3-4b24-bbbf-4da21fa80833"}}
{"__type":"$$EventMessageConfirm","confirm":"6922496e-dbdf-456d-8900-693544011973","ts":"2025-11-12T08:44:12.796+01:00","source":{"id":"0","name":"eventBus"}}
{"__type":"$$EventMessageWorkflow","id":"f1b29b03-3a99-4f4d-86f2-9726b8b2b9a8","ts":"2025-11-12T08:44:12.801+01:00","eventName":"n8n.workflow.failed","message":"n8n.workflow.failed","payload":{"userId":"4b81e23c-4620-48df-bb2c-c27e1649c325","executionId":"127","success":false,"isManual":true,"workflowId":"aHCB2XCQRQt8f7Oj","workflowName":"Recordatorio - No fichó salida tras 8h (BD + Email) ✅","lastNodeExecuted":"📧 Enviar correo al empleado","errorMessage":"queryA EBADNAME  sandbox.smtp.mailtrap.io"}}
{"__type":"$$EventMessageConfirm","confirm":"f1b29b03-3a99-4f4d-86f2-9726b8b2b9a8","ts":"2025-11-12T08:44:12.802+01:00","source":{"id":"0","name":"eventBus"}}
{"__type":"$$EventMessageAudit","id":"2a9a72d0-785c-42e0-92b0-93b323490b9c","ts":"2025-11-12T08:44:49.227+01:00","eventName":"n8n.audit.user.credentials.deleted","message":"n8n.audit.user.credentials.deleted","payload":{"userId":"4b81e23c-4620-48df-bb2c-c27e1649c325","_email":"mpadillat01@educarex.es","_firstName":"Mario","_lastName":"Padilla","globalRole":"global:owner","credentialType":"smtp","credentialId":"r0xYfVvHsBQz0OgA"}}
{"__type":"$$EventMessageConfirm","confirm":"2a9a72d0-785c-42e0-92b0-93b323490b9c","ts":"2025-11-12T08:44:49.227+01:00","source":{"id":"0","name":"eventBus"}}
{"__type":"$$EventMessageWorkflow","id":"be0724f2-27d8-4f63-a95d-e9f1136dee89","ts":"2025-11-12T08:45:03.494+01:00","eventName":"n8n.workflow.started","message":"n8n.workflow.started","payload":{"executionId":"128","workflowId":"aHCB2XCQRQt8f7Oj","isManual":false,"workflowName":"Recordatorio - No fichó salida tras 8h (BD + Email) ✅"}}
{"__type":"$$EventMessageConfirm","confirm":"be0724f2-27d8-4f63-a95d-e9f1136dee89","ts":"2025-11-12T08:45:03.494+01:00","source":{"id":"0","name":"eventBus"}}
{"__type":"$$EventMessageNode","id":"3634d879-5af5-4d0d-8dbb-90bbc5cdb05a","ts":"2025-11-12T08:45:03.495+01:00","eventName":"n8n.node.started","message":"n8n.node.started","payload":{"workflowId":"aHCB2XCQRQt8f7Oj","workflowName":"Recordatorio - No fichó salida tras 8h (BD + Email) ✅","executionId":"128","nodeType":"n8n-nodes-base.cron","nodeName":"⏰ Cron cada hora","nodeId":"451f7103-60ee-44ac-ac5b-a2146c9e34cc"}}
{"__type":"$$EventMessageConfirm","confirm":"3634d879-5af5-4d0d-8dbb-90bbc5cdb05a","ts":"2025-11-12T08:45:03.495+01:00","source":{"id":"0","name":"eventBus"}}
{"__type":"$$EventMessageNode","id":"35589584-2745-4383-b283-990ddea7fea5","ts":"2025-11-12T08:45:03.502+01:00","eventName":"n8n.node.finished","message":"n8n.node.finished","payload":{"workflowId":"aHCB2XCQRQt8f7Oj","workflowName":"Recordatorio - No fichó salida tras 8h (BD + Email) ✅","executionId":"128","nodeType":"n8n-nodes-base.cron","nodeName":"⏰ Cron cada hora","nodeId":"451f7103-60ee-44ac-ac5b-a2146c9e34cc"}}
{"__type":"$$EventMessageConfirm","confirm":"35589584-2745-4383-b283-990ddea7fea5","ts":"2025-11-12T08:45:03.502+01:00","source":{"id":"0","name":"eventBus"}}
{"__type":"$$EventMessageNode","id":"6eeef02e-fcca-44a4-9439-0c2cc8d33e90","ts":"2025-11-12T08:45:03.504+01:00","eventName":"n8n.node.started","message":"n8n.node.started","payload":{"workflowId":"aHCB2XCQRQt8f7Oj","workflowName":"Recordatorio - No fichó salida tras 8h (BD + Email) ✅","executionId":"128","nodeType":"n8n-nodes-base.postgres","nodeName":"🔍 Buscar empleados sin salida","nodeId":"53aa37cd-4e75-47d9-a80a-d8c944fd86f2"}}
{"__type":"$$EventMessageConfirm","confirm":"6eeef02e-fcca-44a4-9439-0c2cc8d33e90","ts":"2025-11-12T08:45:03.505+01:00","source":{"id":"0","name":"eventBus"}}
{"__type":"$$EventMessageNode","id":"fbabf75b-9831-4b3f-a14a-6bfa34106fa4","ts":"2025-11-12T08:45:03.544+01:00","eventName":"n8n.node.finished","message":"n8n.node.finished","payload":{"workflowId":"aHCB2XCQRQt8f7Oj","workflowName":"Recordatorio - No fichó salida tras 8h (BD + Email) ✅","executionId":"128","nodeType":"n8n-nodes-base.postgres","nodeName":"🔍 Buscar empleados sin salida","nodeId":"53aa37cd-4e75-47d9-a80a-d8c944fd86f2"}}
{"__type":"$$EventMessageConfirm","confirm":"fbabf75b-9831-4b3f-a14a-6bfa34106fa4","ts":"2025-11-12T08:45:03.544+01:00","source":{"id":"0","name":"eventBus"}}
{"__type":"$$EventMessageNode","id":"4158742d-06b6-452b-8b5d-8b374513cf92","ts":"2025-11-12T08:45:03.546+01:00","eventName":"n8n.node.started","message":"n8n.node.started","payload":{"workflowId":"aHCB2XCQRQt8f7Oj","workflowName":"Recordatorio - No fichó salida tras 8h (BD + Email) ✅","executionId":"128","nodeType":"n8n-nodes-base.function","nodeName":"🧮 Generar Query SQL","nodeId":"d623c03e-6453-4271-b091-691280cf6018"}}
{"__type":"$$EventMessageConfirm","confirm":"4158742d-06b6-452b-8b5d-8b374513cf92","ts":"2025-11-12T08:45:03.546+01:00","source":{"id":"0","name":"eventBus"}}
{"__type":"$$EventMessageNode","id":"a0d95d1c-a843-49a7-a5b4-41b3cba1ed7d","ts":"2025-11-12T08:45:03.557+01:00","eventName":"n8n.node.finished","message":"n8n.node.finished","payload":{"workflowId":"aHCB2XCQRQt8f7Oj","workflowName":"Recordatorio - No fichó salida tras 8h (BD + Email) ✅","executionId":"128","nodeType":"n8n-nodes-base.function","nodeName":"🧮 Generar Query SQL","nodeId":"d623c03e-6453-4271-b091-691280cf6018"}}
{"__type":"$$EventMessageConfirm","confirm":"a0d95d1c-a843-49a7-a5b4-41b3cba1ed7d","ts":"2025-11-12T08:45:03.558+01:00","source":{"id":"0","name":"eventBus"}}
{"__type":"$$EventMessageNode","id":"d138aeb2-c8e0-4225-bcf9-640d00e919e4","ts":"2025-11-12T08:45:03.559+01:00","eventName":"n8n.node.started","message":"n8n.node.started","payload":{"workflowId":"aHCB2XCQRQt8f7Oj","workflowName":"Recordatorio - No fichó salida tras 8h (BD + Email) ✅","executionId":"128","nodeType":"n8n-nodes-base.postgres","nodeName":"💾 Insertar notificación BD","nodeId":"3089a6ce-0da4-496d-bab5-22a347bad753"}}
{"__type":"$$EventMessageConfirm","confirm":"d138aeb2-c8e0-4225-bcf9-640d00e919e4","ts":"2025-11-12T08:45:03.559+01:00","source":{"id":"0","name":"eventBus"}}
{"__type":"$$EventMessageNode","id":"e71dc084-81fb-416a-b0bb-75d32c5116c1","ts":"2025-11-12T08:45:03.573+01:00","eventName":"n8n.node.finished","message":"n8n.node.finished","payload":{"workflowId":"aHCB2XCQRQt8f7Oj","workflowName":"Recordatorio - No fichó salida tras 8h (BD + Email) ✅","executionId":"128","nodeType":"n8n-nodes-base.postgres","nodeName":"💾 Insertar notificación BD","nodeId":"3089a6ce-0da4-496d-bab5-22a347bad753"}}
{"__type":"$$EventMessageConfirm","confirm":"e71dc084-81fb-416a-b0bb-75d32c5116c1","ts":"2025-11-12T08:45:03.573+01:00","source":{"id":"0","name":"eventBus"}}
{"__type":"$$EventMessageNode","id":"d8ddda83-f1e4-4be5-af19-81e680a3e6a3","ts":"2025-11-12T08:45:03.574+01:00","eventName":"n8n.node.started","message":"n8n.node.started","payload":{"workflowId":"aHCB2XCQRQt8f7Oj","workflowName":"Recordatorio - No fichó salida tras 8h (BD + Email) ✅","executionId":"128","nodeType":"n8n-nodes-base.emailSend","nodeName":"📧 Enviar correo al empleado","nodeId":"61e7fca5-17e3-4b24-bbbf-4da21fa80833"}}
{"__type":"$$EventMessageConfirm","confirm":"d8ddda83-f1e4-4be5-af19-81e680a3e6a3","ts":"2025-11-12T08:45:03.574+01:00","source":{"id":"0","name":"eventBus"}}
{"__type":"$$EventMessageNode","id":"a28f163b-5b64-43fb-ae12-f2f7b86b5132","ts":"2025-11-12T08:45:03.580+01:00","eventName":"n8n.node.finished","message":"n8n.node.finished","payload":{"workflowId":"aHCB2XCQRQt8f7Oj","workflowName":"Recordatorio - No fichó salida tras 8h (BD + Email) ✅","executionId":"128","nodeType":"n8n-nodes-base.emailSend","nodeName":"📧 Enviar correo al empleado","nodeId":"61e7fca5-17e3-4b24-bbbf-4da21fa80833"}}
{"__type":"$$EventMessageConfirm","confirm":"a28f163b-5b64-43fb-ae12-f2f7b86b5132","ts":"2025-11-12T08:45:03.580+01:00","source":{"id":"0","name":"eventBus"}}
{"__type":"$$EventMessageWorkflow","id":"43a99cdc-a03f-4827-932c-f3eb87c2b2f9","ts":"2025-11-12T08:45:03.584+01:00","eventName":"n8n.workflow.failed","message":"n8n.workflow.failed","payload":{"userId":"4b81e23c-4620-48df-bb2c-c27e1649c325","executionId":"128","success":false,"isManual":true,"workflowId":"aHCB2XCQRQt8f7Oj","workflowName":"Recordatorio - No fichó salida tras 8h (BD + Email) ✅","lastNodeExecuted":"📧 Enviar correo al empleado","errorNodeType":"n8n-nodes-base.emailSend","errorMessage":"Node does not have any credentials set"}}
{"__type":"$$EventMessageConfirm","confirm":"43a99cdc-a03f-4827-932c-f3eb87c2b2f9","ts":"2025-11-12T08:45:03.584+01:00","source":{"id":"0","name":"eventBus"}}
{"__type":"$$EventMessageAudit","id":"f6ca3692-4992-4d00-8a52-1eb1c53890b3","ts":"2025-11-12T08:53:32.593+01:00","eventName":"n8n.audit.user.credentials.created","message":"n8n.audit.user.credentials.created","payload":{"userId":"4b81e23c-4620-48df-bb2c-c27e1649c325","_email":"mpadillat01@educarex.es","_firstName":"Mario","_lastName":"Padilla","globalRole":"global:owner","credentialType":"smtp","credentialId":"jgUECo2ZPA3i8NZ5","publicApi":false,"projectId":"oUDejuGuPL3c1yBE","projectType":"personal"}}
{"__type":"$$EventMessageConfirm","confirm":"f6ca3692-4992-4d00-8a52-1eb1c53890b3","ts":"2025-11-12T08:53:32.593+01:00","source":{"id":"0","name":"eventBus"}}
{"__type":"$$EventMessageWorkflow","id":"20a2d7d0-c3c5-4f60-98d9-bf98f80b35aa","ts":"2025-11-12T08:53:37.805+01:00","eventName":"n8n.workflow.started","message":"n8n.workflow.started","payload":{"executionId":"129","workflowId":"aHCB2XCQRQt8f7Oj","isManual":false,"workflowName":"Recordatorio - No fichó salida tras 8h (BD + Email) ✅"}}
{"__type":"$$EventMessageConfirm","confirm":"20a2d7d0-c3c5-4f60-98d9-bf98f80b35aa","ts":"2025-11-12T08:53:37.805+01:00","source":{"id":"0","name":"eventBus"}}
{"__type":"$$EventMessageNode","id":"51f30d5e-a136-466c-98c2-3aa2b0f003a7","ts":"2025-11-12T08:53:37.806+01:00","eventName":"n8n.node.started","message":"n8n.node.started","payload":{"workflowId":"aHCB2XCQRQt8f7Oj","workflowName":"Recordatorio - No fichó salida tras 8h (BD + Email) ✅","executionId":"129","nodeType":"n8n-nodes-base.emailSend","nodeName":"📧 Enviar correo al empleado","nodeId":"61e7fca5-17e3-4b24-bbbf-4da21fa80833"}}
{"__type":"$$EventMessageConfirm","confirm":"51f30d5e-a136-466c-98c2-3aa2b0f003a7","ts":"2025-11-12T08:53:37.807+01:00","source":{"id":"0","name":"eventBus"}}
{"__type":"$$EventMessageNode","id":"26f0a7f9-13f4-4d82-940f-aa9b818b5e93","ts":"2025-11-12T08:53:38.955+01:00","eventName":"n8n.node.finished","message":"n8n.node.finished","payload":{"workflowId":"aHCB2XCQRQt8f7Oj","workflowName":"Recordatorio - No fichó salida tras 8h (BD + Email) ✅","executionId":"129","nodeType":"n8n-nodes-base.emailSend","nodeName":"📧 Enviar correo al empleado","nodeId":"61e7fca5-17e3-4b24-bbbf-4da21fa80833"}}
{"__type":"$$EventMessageConfirm","confirm":"26f0a7f9-13f4-4d82-940f-aa9b818b5e93","ts":"2025-11-12T08:53:38.955+01:00","source":{"id":"0","name":"eventBus"}}
{"__type":"$$EventMessageWorkflow","id":"7838702c-b914-42f6-841a-98a8eeed16ce","ts":"2025-11-12T08:53:38.960+01:00","eventName":"n8n.workflow.failed","message":"n8n.workflow.failed","payload":{"userId":"4b81e23c-4620-48df-bb2c-c27e1649c325","executionId":"129","success":false,"isManual":true,"workflowId":"aHCB2XCQRQt8f7Oj","workflowName":"Recordatorio - No fichó salida tras 8h (BD + Email) ✅","lastNodeExecuted":"📧 Enviar correo al empleado","errorMessage":"No recipients defined"}}
{"__type":"$$EventMessageConfirm","confirm":"7838702c-b914-42f6-841a-98a8eeed16ce","ts":"2025-11-12T08:53:38.961+01:00","source":{"id":"0","name":"eventBus"}}
{"__type":"$$EventMessageWorkflow","id":"18a0700c-3d8b-407f-b566-9d6f7da4ac4e","ts":"2025-11-12T08:56:06.892+01:00","eventName":"n8n.workflow.started","message":"n8n.workflow.started","payload":{"executionId":"130","workflowId":"aHCB2XCQRQt8f7Oj","isManual":false,"workflowName":"Recordatorio - No fichó salida tras 8h (BD + Email) ✅"}}
{"__type":"$$EventMessageConfirm","confirm":"18a0700c-3d8b-407f-b566-9d6f7da4ac4e","ts":"2025-11-12T08:56:06.893+01:00","source":{"id":"0","name":"eventBus"}}
{"__type":"$$EventMessageNode","id":"0fda9d1a-3a8d-4acd-a0b6-917e394b7206","ts":"2025-11-12T08:56:06.894+01:00","eventName":"n8n.node.started","message":"n8n.node.started","payload":{"workflowId":"aHCB2XCQRQt8f7Oj","workflowName":"Recordatorio - No fichó salida tras 8h (BD + Email) ✅","executionId":"130","nodeType":"n8n-nodes-base.emailSend","nodeName":"📧 Enviar correo al empleado","nodeId":"61e7fca5-17e3-4b24-bbbf-4da21fa80833"}}
{"__type":"$$EventMessageConfirm","confirm":"0fda9d1a-3a8d-4acd-a0b6-917e394b7206","ts":"2025-11-12T08:56:06.894+01:00","source":{"id":"0","name":"eventBus"}}
{"__type":"$$EventMessageNode","id":"caa9f38b-2ea7-4b69-8826-3b771d96b4b3","ts":"2025-11-12T08:56:08.046+01:00","eventName":"n8n.node.finished","message":"n8n.node.finished","payload":{"workflowId":"aHCB2XCQRQt8f7Oj","workflowName":"Recordatorio - No fichó salida tras 8h (BD + Email) ✅","executionId":"130","nodeType":"n8n-nodes-base.emailSend","nodeName":"📧 Enviar correo al empleado","nodeId":"61e7fca5-17e3-4b24-bbbf-4da21fa80833"}}
{"__type":"$$EventMessageConfirm","confirm":"caa9f38b-2ea7-4b69-8826-3b771d96b4b3","ts":"2025-11-12T08:56:08.046+01:00","source":{"id":"0","name":"eventBus"}}
{"__type":"$$EventMessageWorkflow","id":"c819c35c-74b1-4da3-a5d9-30ffb320cc85","ts":"2025-11-12T08:56:08.049+01:00","eventName":"n8n.workflow.failed","message":"n8n.workflow.failed","payload":{"userId":"4b81e23c-4620-48df-bb2c-c27e1649c325","executionId":"130","success":false,"isManual":true,"workflowId":"aHCB2XCQRQt8f7Oj","workflowName":"Recordatorio - No fichó salida tras 8h (BD + Email) ✅","lastNodeExecuted":"📧 Enviar correo al empleado","errorMessage":"No recipients defined"}}
{"__type":"$$EventMessageConfirm","confirm":"c819c35c-74b1-4da3-a5d9-30ffb320cc85","ts":"2025-11-12T08:56:08.049+01:00","source":{"id":"0","name":"eventBus"}}
{"__type":"$$EventMessageWorkflow","id":"5cfdf0cf-791b-4969-b931-758918d1f2bd","ts":"2025-11-12T09:00:34.832+01:00","eventName":"n8n.workflow.started","message":"n8n.workflow.started","payload":{"executionId":"131","workflowId":"aHCB2XCQRQt8f7Oj","isManual":false,"workflowName":"Recordatorio - No fichó salida tras 8h (BD + Email) ✅"}}
{"__type":"$$EventMessageConfirm","confirm":"5cfdf0cf-791b-4969-b931-758918d1f2bd","ts":"2025-11-12T09:00:34.832+01:00","source":{"id":"0","name":"eventBus"}}
{"__type":"$$EventMessageNode","id":"a1cd8e3f-6c19-449d-893a-398af388a945","ts":"2025-11-12T09:00:34.833+01:00","eventName":"n8n.node.started","message":"n8n.node.started","payload":{"workflowId":"aHCB2XCQRQt8f7Oj","workflowName":"Recordatorio - No fichó salida tras 8h (BD + Email) ✅","executionId":"131","nodeType":"n8n-nodes-base.emailSend","nodeName":"📧 Enviar correo al empleado","nodeId":"61e7fca5-17e3-4b24-bbbf-4da21fa80833"}}
{"__type":"$$EventMessageConfirm","confirm":"a1cd8e3f-6c19-449d-893a-398af388a945","ts":"2025-11-12T09:00:34.834+01:00","source":{"id":"0","name":"eventBus"}}
{"__type":"$$EventMessageNode","id":"5c73abfc-d7cd-4ddf-ba2c-bc6803dca53a","ts":"2025-11-12T09:00:36.001+01:00","eventName":"n8n.node.finished","message":"n8n.node.finished","payload":{"workflowId":"aHCB2XCQRQt8f7Oj","workflowName":"Recordatorio - No fichó salida tras 8h (BD + Email) ✅","executionId":"131","nodeType":"n8n-nodes-base.emailSend","nodeName":"📧 Enviar correo al empleado","nodeId":"61e7fca5-17e3-4b24-bbbf-4da21fa80833"}}
{"__type":"$$EventMessageConfirm","confirm":"5c73abfc-d7cd-4ddf-ba2c-bc6803dca53a","ts":"2025-11-12T09:00:36.002+01:00","source":{"id":"0","name":"eventBus"}}
{"__type":"$$EventMessageWorkflow","id":"7c406370-75a2-40bd-9506-32cf4e287758","ts":"2025-11-12T09:00:36.013+01:00","eventName":"n8n.workflow.failed","message":"n8n.workflow.failed","payload":{"userId":"4b81e23c-4620-48df-bb2c-c27e1649c325","executionId":"131","success":false,"isManual":true,"workflowId":"aHCB2XCQRQt8f7Oj","workflowName":"Recordatorio - No fichó salida tras 8h (BD + Email) ✅","lastNodeExecuted":"📧 Enviar correo al empleado","errorMessage":"No recipients defined"}}
{"__type":"$$EventMessageConfirm","confirm":"7c406370-75a2-40bd-9506-32cf4e287758","ts":"2025-11-12T09:00:36.014+01:00","source":{"id":"0","name":"eventBus"}}
{"__type":"$$EventMessageWorkflow","id":"58a4f9bf-a97e-40d9-8d85-452fb5676019","ts":"2025-11-12T09:01:10.528+01:00","eventName":"n8n.workflow.started","message":"n8n.workflow.started","payload":{"executionId":"132","workflowId":"aHCB2XCQRQt8f7Oj","isManual":false,"workflowName":"Recordatorio - No fichó salida tras 8h (BD + Email) ✅"}}
{"__type":"$$EventMessageConfirm","confirm":"58a4f9bf-a97e-40d9-8d85-452fb5676019","ts":"2025-11-12T09:01:10.529+01:00","source":{"id":"0","name":"eventBus"}}
{"__type":"$$EventMessageNode","id":"54779bed-bce1-4df0-b49c-d64eee723b74","ts":"2025-11-12T09:01:10.531+01:00","eventName":"n8n.node.started","message":"n8n.node.started","payload":{"workflowId":"aHCB2XCQRQt8f7Oj","workflowName":"Recordatorio - No fichó salida tras 8h (BD + Email) ✅","executionId":"132","nodeType":"n8n-nodes-base.emailSend","nodeName":"📧 Enviar correo al empleado","nodeId":"61e7fca5-17e3-4b24-bbbf-4da21fa80833"}}
{"__type":"$$EventMessageConfirm","confirm":"54779bed-bce1-4df0-b49c-d64eee723b74","ts":"2025-11-12T09:01:10.532+01:00","source":{"id":"0","name":"eventBus"}}
{"__type":"$$EventMessageNode","id":"abdc3394-e729-449d-82a1-6268cf8cecdd","ts":"2025-11-12T09:01:11.630+01:00","eventName":"n8n.node.finished","message":"n8n.node.finished","payload":{"workflowId":"aHCB2XCQRQt8f7Oj","workflowName":"Recordatorio - No fichó salida tras 8h (BD + Email) ✅","executionId":"132","nodeType":"n8n-nodes-base.emailSend","nodeName":"📧 Enviar correo al empleado","nodeId":"61e7fca5-17e3-4b24-bbbf-4da21fa80833"}}
{"__type":"$$EventMessageConfirm","confirm":"abdc3394-e729-449d-82a1-6268cf8cecdd","ts":"2025-11-12T09:01:11.631+01:00","source":{"id":"0","name":"eventBus"}}
{"__type":"$$EventMessageWorkflow","id":"90b76d06-76c3-45c8-8565-0674017b5329","ts":"2025-11-12T09:01:11.634+01:00","eventName":"n8n.workflow.failed","message":"n8n.workflow.failed","payload":{"userId":"4b81e23c-4620-48df-bb2c-c27e1649c325","executionId":"132","success":false,"isManual":true,"workflowId":"aHCB2XCQRQt8f7Oj","workflowName":"Recordatorio - No fichó salida tras 8h (BD + Email) ✅","lastNodeExecuted":"📧 Enviar correo al empleado","errorMessage":"No recipients defined"}}
{"__type":"$$EventMessageConfirm","confirm":"90b76d06-76c3-45c8-8565-0674017b5329","ts":"2025-11-12T09:01:11.634+01:00","source":{"id":"0","name":"eventBus"}}
{"__type":"$$EventMessageWorkflow","id":"f7e36459-d0ff-461e-90ab-dc22b13cf969","ts":"2025-11-12T09:06:28.748+01:00","eventName":"n8n.workflow.started","message":"n8n.workflow.started","payload":{"executionId":"133","workflowId":"aHCB2XCQRQt8f7Oj","isManual":false,"workflowName":"Recordatorio - No fichó salida tras 8h (BD + Email) ✅"}}
{"__type":"$$EventMessageConfirm","confirm":"f7e36459-d0ff-461e-90ab-dc22b13cf969","ts":"2025-11-12T09:06:28.748+01:00","source":{"id":"0","name":"eventBus"}}
{"__type":"$$EventMessageNode","id":"fe9c1db0-7a7c-43f7-a2af-db76804cf38d","ts":"2025-11-12T09:06:28.750+01:00","eventName":"n8n.node.started","message":"n8n.node.started","payload":{"workflowId":"aHCB2XCQRQt8f7Oj","workflowName":"Recordatorio - No fichó salida tras 8h (BD + Email) ✅","executionId":"133","nodeType":"n8n-nodes-base.merge","nodeName":"Merge","nodeId":"fee7aa31-8f6c-434e-969d-f722267a8ad1"}}
{"__type":"$$EventMessageConfirm","confirm":"fe9c1db0-7a7c-43f7-a2af-db76804cf38d","ts":"2025-11-12T09:06:28.751+01:00","source":{"id":"0","name":"eventBus"}}
{"__type":"$$EventMessageNode","id":"0beabc2a-4fc5-4bdc-af64-a259e15fd611","ts":"2025-11-12T09:06:28.793+01:00","eventName":"n8n.node.finished","message":"n8n.node.finished","payload":{"workflowId":"aHCB2XCQRQt8f7Oj","workflowName":"Recordatorio - No fichó salida tras 8h (BD + Email) ✅","executionId":"133","nodeType":"n8n-nodes-base.merge","nodeName":"Merge","nodeId":"fee7aa31-8f6c-434e-969d-f722267a8ad1"}}
{"__type":"$$EventMessageConfirm","confirm":"0beabc2a-4fc5-4bdc-af64-a259e15fd611","ts":"2025-11-12T09:06:28.793+01:00","source":{"id":"0","name":"eventBus"}}
{"__type":"$$EventMessageWorkflow","id":"a6e0e0cf-abd9-41d1-91fd-f8fcac5977c5","ts":"2025-11-12T09:06:28.820+01:00","eventName":"n8n.workflow.success","message":"n8n.workflow.success","payload":{"userId":"4b81e23c-4620-48df-bb2c-c27e1649c325","executionId":"133","success":true,"isManual":true,"workflowId":"aHCB2XCQRQt8f7Oj","workflowName":"Recordatorio - No fichó salida tras 8h (BD + Email) ✅"}}
{"__type":"$$EventMessageConfirm","confirm":"a6e0e0cf-abd9-41d1-91fd-f8fcac5977c5","ts":"2025-11-12T09:06:28.821+01:00","source":{"id":"0","name":"eventBus"}}
{"__type":"$$EventMessageWorkflow","id":"2df3758c-9a28-483b-9637-0d15b5f5d9d7","ts":"2025-11-12T09:06:34.014+01:00","eventName":"n8n.workflow.started","message":"n8n.workflow.started","payload":{"executionId":"134","workflowId":"aHCB2XCQRQt8f7Oj","isManual":false,"workflowName":"Recordatorio - No fichó salida tras 8h (BD + Email) ✅"}}
{"__type":"$$EventMessageConfirm","confirm":"2df3758c-9a28-483b-9637-0d15b5f5d9d7","ts":"2025-11-12T09:06:34.014+01:00","source":{"id":"0","name":"eventBus"}}
{"__type":"$$EventMessageNode","id":"31d84e38-fcad-4eb1-8101-314d24656e9b","ts":"2025-11-12T09:06:34.015+01:00","eventName":"n8n.node.started","message":"n8n.node.started","payload":{"workflowId":"aHCB2XCQRQt8f7Oj","workflowName":"Recordatorio - No fichó salida tras 8h (BD + Email) ✅","executionId":"134","nodeType":"n8n-nodes-base.cron","nodeName":"⏰ Cron cada hora","nodeId":"451f7103-60ee-44ac-ac5b-a2146c9e34cc"}}
{"__type":"$$EventMessageConfirm","confirm":"31d84e38-fcad-4eb1-8101-314d24656e9b","ts":"2025-11-12T09:06:34.015+01:00","source":{"id":"0","name":"eventBus"}}
{"__type":"$$EventMessageNode","id":"40dfd4f0-6b21-4536-80a3-bef5d62e3e12","ts":"2025-11-12T09:06:34.034+01:00","eventName":"n8n.node.finished","message":"n8n.node.finished","payload":{"workflowId":"aHCB2XCQRQt8f7Oj","workflowName":"Recordatorio - No fichó salida tras 8h (BD + Email) ✅","executionId":"134","nodeType":"n8n-nodes-base.cron","nodeName":"⏰ Cron cada hora","nodeId":"451f7103-60ee-44ac-ac5b-a2146c9e34cc"}}
{"__type":"$$EventMessageConfirm","confirm":"40dfd4f0-6b21-4536-80a3-bef5d62e3e12","ts":"2025-11-12T09:06:34.034+01:00","source":{"id":"0","name":"eventBus"}}
{"__type":"$$EventMessageNode","id":"727bdf72-26bd-4f9e-9a62-ec0dcedb2691","ts":"2025-11-12T09:06:34.037+01:00","eventName":"n8n.node.started","message":"n8n.node.started","payload":{"workflowId":"aHCB2XCQRQt8f7Oj","workflowName":"Recordatorio - No fichó salida tras 8h (BD + Email) ✅","executionId":"134","nodeType":"n8n-nodes-base.postgres","nodeName":"🔍 Buscar empleados sin salida","nodeId":"53aa37cd-4e75-47d9-a80a-d8c944fd86f2"}}
{"__type":"$$EventMessageConfirm","confirm":"727bdf72-26bd-4f9e-9a62-ec0dcedb2691","ts":"2025-11-12T09:06:34.037+01:00","source":{"id":"0","name":"eventBus"}}
{"__type":"$$EventMessageNode","id":"2f825685-7a9c-44cb-ad26-cf4ca9eb488a","ts":"2025-11-12T09:06:34.065+01:00","eventName":"n8n.node.finished","message":"n8n.node.finished","payload":{"workflowId":"aHCB2XCQRQt8f7Oj","workflowName":"Recordatorio - No fichó salida tras 8h (BD + Email) ✅","executionId":"134","nodeType":"n8n-nodes-base.postgres","nodeName":"🔍 Buscar empleados sin salida","nodeId":"53aa37cd-4e75-47d9-a80a-d8c944fd86f2"}}
{"__type":"$$EventMessageConfirm","confirm":"2f825685-7a9c-44cb-ad26-cf4ca9eb488a","ts":"2025-11-12T09:06:34.065+01:00","source":{"id":"0","name":"eventBus"}}
{"__type":"$$EventMessageNode","id":"43a00e1d-9db7-4735-bdd2-fedee55e0eca","ts":"2025-11-12T09:06:34.066+01:00","eventName":"n8n.node.started","message":"n8n.node.started","payload":{"workflowId":"aHCB2XCQRQt8f7Oj","workflowName":"Recordatorio - No fichó salida tras 8h (BD + Email) ✅","executionId":"134","nodeType":"n8n-nodes-base.function","nodeName":"🧮 Generar Query SQL","nodeId":"d623c03e-6453-4271-b091-691280cf6018"}}
{"__type":"$$EventMessageConfirm","confirm":"43a00e1d-9db7-4735-bdd2-fedee55e0eca","ts":"2025-11-12T09:06:34.066+01:00","source":{"id":"0","name":"eventBus"}}
{"__type":"$$EventMessageNode","id":"83d8523d-43c5-4a53-85ca-dcee72fa9e72","ts":"2025-11-12T09:06:34.078+01:00","eventName":"n8n.node.finished","message":"n8n.node.finished","payload":{"workflowId":"aHCB2XCQRQt8f7Oj","workflowName":"Recordatorio - No fichó salida tras 8h (BD + Email) ✅","executionId":"134","nodeType":"n8n-nodes-base.function","nodeName":"🧮 Generar Query SQL","nodeId":"d623c03e-6453-4271-b091-691280cf6018"}}
{"__type":"$$EventMessageConfirm","confirm":"83d8523d-43c5-4a53-85ca-dcee72fa9e72","ts":"2025-11-12T09:06:34.079+01:00","source":{"id":"0","name":"eventBus"}}
{"__type":"$$EventMessageNode","id":"ce546e26-91eb-4eb4-a3c3-4bf5788a06bc","ts":"2025-11-12T09:06:34.079+01:00","eventName":"n8n.node.started","message":"n8n.node.started","payload":{"workflowId":"aHCB2XCQRQt8f7Oj","workflowName":"Recordatorio - No fichó salida tras 8h (BD + Email) ✅","executionId":"134","nodeType":"n8n-nodes-base.postgres","nodeName":"💾 Insertar notificación BD","nodeId":"3089a6ce-0da4-496d-bab5-22a347bad753"}}
{"__type":"$$EventMessageConfirm","confirm":"ce546e26-91eb-4eb4-a3c3-4bf5788a06bc","ts":"2025-11-12T09:06:34.080+01:00","source":{"id":"0","name":"eventBus"}}
{"__type":"$$EventMessageNode","id":"b4afed26-ec40-49c6-8bd2-7c48e7193fcd","ts":"2025-11-12T09:06:34.099+01:00","eventName":"n8n.node.finished","message":"n8n.node.finished","payload":{"workflowId":"aHCB2XCQRQt8f7Oj","workflowName":"Recordatorio - No fichó salida tras 8h (BD + Email) ✅","executionId":"134","nodeType":"n8n-nodes-base.postgres","nodeName":"💾 Insertar notificación BD","nodeId":"3089a6ce-0da4-496d-bab5-22a347bad753"}}
{"__type":"$$EventMessageConfirm","confirm":"b4afed26-ec40-49c6-8bd2-7c48e7193fcd","ts":"2025-11-12T09:06:34.099+01:00","source":{"id":"0","name":"eventBus"}}
{"__type":"$$EventMessageNode","id":"cd52fbdd-feed-4c1a-a537-d42ed7f299ca","ts":"2025-11-12T09:06:34.101+01:00","eventName":"n8n.node.started","message":"n8n.node.started","payload":{"workflowId":"aHCB2XCQRQt8f7Oj","workflowName":"Recordatorio - No fichó salida tras 8h (BD + Email) ✅","executionId":"134","nodeType":"n8n-nodes-base.emailSend","nodeName":"📧 Enviar correo al empleado","nodeId":"61e7fca5-17e3-4b24-bbbf-4da21fa80833"}}
{"__type":"$$EventMessageConfirm","confirm":"cd52fbdd-feed-4c1a-a537-d42ed7f299ca","ts":"2025-11-12T09:06:34.101+01:00","source":{"id":"0","name":"eventBus"}}
{"__type":"$$EventMessageNode","id":"fb8e6818-4408-4044-90b2-f0690fe6a80c","ts":"2025-11-12T09:06:35.216+01:00","eventName":"n8n.node.finished","message":"n8n.node.finished","payload":{"workflowId":"aHCB2XCQRQt8f7Oj","workflowName":"Recordatorio - No fichó salida tras 8h (BD + Email) ✅","executionId":"134","nodeType":"n8n-nodes-base.emailSend","nodeName":"📧 Enviar correo al empleado","nodeId":"61e7fca5-17e3-4b24-bbbf-4da21fa80833"}}
{"__type":"$$EventMessageConfirm","confirm":"fb8e6818-4408-4044-90b2-f0690fe6a80c","ts":"2025-11-12T09:06:35.216+01:00","source":{"id":"0","name":"eventBus"}}
{"__type":"$$EventMessageWorkflow","id":"9ca67d08-869e-4ae4-badb-bde521915c02","ts":"2025-11-12T09:06:35.220+01:00","eventName":"n8n.workflow.failed","message":"n8n.workflow.failed","payload":{"userId":"4b81e23c-4620-48df-bb2c-c27e1649c325","executionId":"134","success":false,"isManual":true,"workflowId":"aHCB2XCQRQt8f7Oj","workflowName":"Recordatorio - No fichó salida tras 8h (BD + Email) ✅","lastNodeExecuted":"📧 Enviar correo al empleado","errorMessage":"No recipients defined"}}
{"__type":"$$EventMessageConfirm","confirm":"9ca67d08-869e-4ae4-badb-bde521915c02","ts":"2025-11-12T09:06:35.220+01:00","source":{"id":"0","name":"eventBus"}}
{"__type":"$$EventMessageWorkflow","id":"1703372a-0a76-4bcb-af62-1a0b225a03a1","ts":"2025-11-12T09:06:47.723+01:00","eventName":"n8n.workflow.started","message":"n8n.workflow.started","payload":{"executionId":"135","workflowId":"aHCB2XCQRQt8f7Oj","isManual":false,"workflowName":"Recordatorio - No fichó salida tras 8h (BD + Email) ✅"}}
{"__type":"$$EventMessageConfirm","confirm":"1703372a-0a76-4bcb-af62-1a0b225a03a1","ts":"2025-11-12T09:06:47.724+01:00","source":{"id":"0","name":"eventBus"}}
{"__type":"$$EventMessageNode","id":"94c25621-f393-4710-b27d-c1adcef9e08c","ts":"2025-11-12T09:06:47.725+01:00","eventName":"n8n.node.started","message":"n8n.node.started","payload":{"workflowId":"aHCB2XCQRQt8f7Oj","workflowName":"Recordatorio - No fichó salida tras 8h (BD + Email) ✅","executionId":"135","nodeType":"n8n-nodes-base.cron","nodeName":"⏰ Cron cada hora","nodeId":"451f7103-60ee-44ac-ac5b-a2146c9e34cc"}}
{"__type":"$$EventMessageConfirm","confirm":"94c25621-f393-4710-b27d-c1adcef9e08c","ts":"2025-11-12T09:06:47.726+01:00","source":{"id":"0","name":"eventBus"}}
{"__type":"$$EventMessageNode","id":"a601ffdf-e8ae-4c6e-b1ff-27b861aa0161","ts":"2025-11-12T09:06:47.755+01:00","eventName":"n8n.node.finished","message":"n8n.node.finished","payload":{"workflowId":"aHCB2XCQRQt8f7Oj","workflowName":"Recordatorio - No fichó salida tras 8h (BD + Email) ✅","executionId":"135","nodeType":"n8n-nodes-base.cron","nodeName":"⏰ Cron cada hora","nodeId":"451f7103-60ee-44ac-ac5b-a2146c9e34cc"}}
{"__type":"$$EventMessageConfirm","confirm":"a601ffdf-e8ae-4c6e-b1ff-27b861aa0161","ts":"2025-11-12T09:06:47.755+01:00","source":{"id":"0","name":"eventBus"}}
{"__type":"$$EventMessageNode","id":"d1bfd99b-7d6c-4c65-ae69-45b5c11ba09b","ts":"2025-11-12T09:06:47.756+01:00","eventName":"n8n.node.started","message":"n8n.node.started","payload":{"workflowId":"aHCB2XCQRQt8f7Oj","workflowName":"Recordatorio - No fichó salida tras 8h (BD + Email) ✅","executionId":"135","nodeType":"n8n-nodes-base.postgres","nodeName":"🔍 Buscar empleados sin salida","nodeId":"53aa37cd-4e75-47d9-a80a-d8c944fd86f2"}}
{"__type":"$$EventMessageConfirm","confirm":"d1bfd99b-7d6c-4c65-ae69-45b5c11ba09b","ts":"2025-11-12T09:06:47.757+01:00","source":{"id":"0","name":"eventBus"}}
{"__type":"$$EventMessageNode","id":"793fe7bd-5a83-472b-abee-1a179200c197","ts":"2025-11-12T09:06:47.789+01:00","eventName":"n8n.node.finished","message":"n8n.node.finished","payload":{"workflowId":"aHCB2XCQRQt8f7Oj","workflowName":"Recordatorio - No fichó salida tras 8h (BD + Email) ✅","executionId":"135","nodeType":"n8n-nodes-base.postgres","nodeName":"🔍 Buscar empleados sin salida","nodeId":"53aa37cd-4e75-47d9-a80a-d8c944fd86f2"}}
{"__type":"$$EventMessageConfirm","confirm":"793fe7bd-5a83-472b-abee-1a179200c197","ts":"2025-11-12T09:06:47.789+01:00","source":{"id":"0","name":"eventBus"}}
{"__type":"$$EventMessageNode","id":"2aa6b690-89ab-486e-beae-778cf2a8e5cc","ts":"2025-11-12T09:06:47.790+01:00","eventName":"n8n.node.started","message":"n8n.node.started","payload":{"workflowId":"aHCB2XCQRQt8f7Oj","workflowName":"Recordatorio - No fichó salida tras 8h (BD + Email) ✅","executionId":"135","nodeType":"n8n-nodes-base.function","nodeName":"🧮 Generar Query SQL","nodeId":"d623c03e-6453-4271-b091-691280cf6018"}}
{"__type":"$$EventMessageConfirm","confirm":"2aa6b690-89ab-486e-beae-778cf2a8e5cc","ts":"2025-11-12T09:06:47.790+01:00","source":{"id":"0","name":"eventBus"}}
{"__type":"$$EventMessageNode","id":"96cb9c62-d3ac-4ef1-9df1-cb6b2991e45c","ts":"2025-11-12T09:06:47.798+01:00","eventName":"n8n.node.finished","message":"n8n.node.finished","payload":{"workflowId":"aHCB2XCQRQt8f7Oj","workflowName":"Recordatorio - No fichó salida tras 8h (BD + Email) ✅","executionId":"135","nodeType":"n8n-nodes-base.function","nodeName":"🧮 Generar Query SQL","nodeId":"d623c03e-6453-4271-b091-691280cf6018"}}
{"__type":"$$EventMessageConfirm","confirm":"96cb9c62-d3ac-4ef1-9df1-cb6b2991e45c","ts":"2025-11-12T09:06:47.798+01:00","source":{"id":"0","name":"eventBus"}}
{"__type":"$$EventMessageNode","id":"f73be8ee-7514-432c-abaf-f6eeb10651d1","ts":"2025-11-12T09:06:47.800+01:00","eventName":"n8n.node.started","message":"n8n.node.started","payload":{"workflowId":"aHCB2XCQRQt8f7Oj","workflowName":"Recordatorio - No fichó salida tras 8h (BD + Email) ✅","executionId":"135","nodeType":"n8n-nodes-base.postgres","nodeName":"💾 Insertar notificación BD","nodeId":"3089a6ce-0da4-496d-bab5-22a347bad753"}}
{"__type":"$$EventMessageConfirm","confirm":"f73be8ee-7514-432c-abaf-f6eeb10651d1","ts":"2025-11-12T09:06:47.800+01:00","source":{"id":"0","name":"eventBus"}}
{"__type":"$$EventMessageNode","id":"9cd50c55-6305-4908-88ea-cdc93d96a68c","ts":"2025-11-12T09:06:47.813+01:00","eventName":"n8n.node.finished","message":"n8n.node.finished","payload":{"workflowId":"aHCB2XCQRQt8f7Oj","workflowName":"Recordatorio - No fichó salida tras 8h (BD + Email) ✅","executionId":"135","nodeType":"n8n-nodes-base.postgres","nodeName":"💾 Insertar notificación BD","nodeId":"3089a6ce-0da4-496d-bab5-22a347bad753"}}
{"__type":"$$EventMessageConfirm","confirm":"9cd50c55-6305-4908-88ea-cdc93d96a68c","ts":"2025-11-12T09:06:47.813+01:00","source":{"id":"0","name":"eventBus"}}
{"__type":"$$EventMessageNode","id":"62ea4a00-9f40-41aa-a411-9f23775bcf18","ts":"2025-11-12T09:06:47.814+01:00","eventName":"n8n.node.started","message":"n8n.node.started","payload":{"workflowId":"aHCB2XCQRQt8f7Oj","workflowName":"Recordatorio - No fichó salida tras 8h (BD + Email) ✅","executionId":"135","nodeType":"n8n-nodes-base.emailSend","nodeName":"📧 Enviar correo al empleado","nodeId":"61e7fca5-17e3-4b24-bbbf-4da21fa80833"}}
{"__type":"$$EventMessageConfirm","confirm":"62ea4a00-9f40-41aa-a411-9f23775bcf18","ts":"2025-11-12T09:06:47.814+01:00","source":{"id":"0","name":"eventBus"}}
{"__type":"$$EventMessageNode","id":"8918face-4250-4f30-8cd0-5153b9c25809","ts":"2025-11-12T09:06:48.926+01:00","eventName":"n8n.node.finished","message":"n8n.node.finished","payload":{"workflowId":"aHCB2XCQRQt8f7Oj","workflowName":"Recordatorio - No fichó salida tras 8h (BD + Email) ✅","executionId":"135","nodeType":"n8n-nodes-base.emailSend","nodeName":"📧 Enviar correo al empleado","nodeId":"61e7fca5-17e3-4b24-bbbf-4da21fa80833"}}
{"__type":"$$EventMessageConfirm","confirm":"8918face-4250-4f30-8cd0-5153b9c25809","ts":"2025-11-12T09:06:48.927+01:00","source":{"id":"0","name":"eventBus"}}
{"__type":"$$EventMessageWorkflow","id":"e7f7e23e-1542-48f1-80d4-40097d1522e9","ts":"2025-11-12T09:06:48.932+01:00","eventName":"n8n.workflow.failed","message":"n8n.workflow.failed","payload":{"userId":"4b81e23c-4620-48df-bb2c-c27e1649c325","executionId":"135","success":false,"isManual":true,"workflowId":"aHCB2XCQRQt8f7Oj","workflowName":"Recordatorio - No fichó salida tras 8h (BD + Email) ✅","lastNodeExecuted":"📧 Enviar correo al empleado","errorMessage":"No recipients defined"}}
{"__type":"$$EventMessageConfirm","confirm":"e7f7e23e-1542-48f1-80d4-40097d1522e9","ts":"2025-11-12T09:06:48.932+01:00","source":{"id":"0","name":"eventBus"}}
{"__type":"$$EventMessageWorkflow","id":"63e8b8d9-6238-49c8-aa9d-d3bf0f6a41b2","ts":"2025-11-12T09:08:50.902+01:00","eventName":"n8n.workflow.started","message":"n8n.workflow.started","payload":{"executionId":"136","workflowId":"aHCB2XCQRQt8f7Oj","isManual":false,"workflowName":"Recordatorio - No fichó salida tras 8h (BD + Email) ✅"}}
{"__type":"$$EventMessageConfirm","confirm":"63e8b8d9-6238-49c8-aa9d-d3bf0f6a41b2","ts":"2025-11-12T09:08:50.902+01:00","source":{"id":"0","name":"eventBus"}}
{"__type":"$$EventMessageNode","id":"84c6e8c7-159b-4357-993e-eb7151dbd296","ts":"2025-11-12T09:08:50.903+01:00","eventName":"n8n.node.started","message":"n8n.node.started","payload":{"workflowId":"aHCB2XCQRQt8f7Oj","workflowName":"Recordatorio - No fichó salida tras 8h (BD + Email) ✅","executionId":"136","nodeType":"n8n-nodes-base.cron","nodeName":"⏰ Cron cada hora","nodeId":"451f7103-60ee-44ac-ac5b-a2146c9e34cc"}}
{"__type":"$$EventMessageConfirm","confirm":"84c6e8c7-159b-4357-993e-eb7151dbd296","ts":"2025-11-12T09:08:50.903+01:00","source":{"id":"0","name":"eventBus"}}
{"__type":"$$EventMessageNode","id":"eff5b555-36d9-452b-843a-8b88514aba17","ts":"2025-11-12T09:08:50.920+01:00","eventName":"n8n.node.finished","message":"n8n.node.finished","payload":{"workflowId":"aHCB2XCQRQt8f7Oj","workflowName":"Recordatorio - No fichó salida tras 8h (BD + Email) ✅","executionId":"136","nodeType":"n8n-nodes-base.cron","nodeName":"⏰ Cron cada hora","nodeId":"451f7103-60ee-44ac-ac5b-a2146c9e34cc"}}
{"__type":"$$EventMessageConfirm","confirm":"eff5b555-36d9-452b-843a-8b88514aba17","ts":"2025-11-12T09:08:50.921+01:00","source":{"id":"0","name":"eventBus"}}
{"__type":"$$EventMessageNode","id":"b730cc13-c78a-4842-9c4c-66bed4aa277e","ts":"2025-11-12T09:08:50.922+01:00","eventName":"n8n.node.started","message":"n8n.node.started","payload":{"workflowId":"aHCB2XCQRQt8f7Oj","workflowName":"Recordatorio - No fichó salida tras 8h (BD + Email) ✅","executionId":"136","nodeType":"n8n-nodes-base.postgres","nodeName":"🔍 Buscar empleados sin salida","nodeId":"53aa37cd-4e75-47d9-a80a-d8c944fd86f2"}}
{"__type":"$$EventMessageConfirm","confirm":"b730cc13-c78a-4842-9c4c-66bed4aa277e","ts":"2025-11-12T09:08:50.922+01:00","source":{"id":"0","name":"eventBus"}}
{"__type":"$$EventMessageNode","id":"09bb9b9a-4ca3-4704-a4c4-9c37e9ebc203","ts":"2025-11-12T09:08:50.952+01:00","eventName":"n8n.node.finished","message":"n8n.node.finished","payload":{"workflowId":"aHCB2XCQRQt8f7Oj","workflowName":"Recordatorio - No fichó salida tras 8h (BD + Email) ✅","executionId":"136","nodeType":"n8n-nodes-base.postgres","nodeName":"🔍 Buscar empleados sin salida","nodeId":"53aa37cd-4e75-47d9-a80a-d8c944fd86f2"}}
{"__type":"$$EventMessageConfirm","confirm":"09bb9b9a-4ca3-4704-a4c4-9c37e9ebc203","ts":"2025-11-12T09:08:50.952+01:00","source":{"id":"0","name":"eventBus"}}
{"__type":"$$EventMessageNode","id":"2c64012a-e2bf-42d2-bb3c-fbd93413a2e4","ts":"2025-11-12T09:08:50.953+01:00","eventName":"n8n.node.started","message":"n8n.node.started","payload":{"workflowId":"aHCB2XCQRQt8f7Oj","workflowName":"Recordatorio - No fichó salida tras 8h (BD + Email) ✅","executionId":"136","nodeType":"n8n-nodes-base.function","nodeName":"🧮 Generar Query SQL","nodeId":"d623c03e-6453-4271-b091-691280cf6018"}}
{"__type":"$$EventMessageConfirm","confirm":"2c64012a-e2bf-42d2-bb3c-fbd93413a2e4","ts":"2025-11-12T09:08:50.953+01:00","source":{"id":"0","name":"eventBus"}}
{"__type":"$$EventMessageNode","id":"8c7d2a0f-b812-41a7-a9eb-61c2766fecb7","ts":"2025-11-12T09:08:50.963+01:00","eventName":"n8n.node.finished","message":"n8n.node.finished","payload":{"workflowId":"aHCB2XCQRQt8f7Oj","workflowName":"Recordatorio - No fichó salida tras 8h (BD + Email) ✅","executionId":"136","nodeType":"n8n-nodes-base.function","nodeName":"🧮 Generar Query SQL","nodeId":"d623c03e-6453-4271-b091-691280cf6018"}}
{"__type":"$$EventMessageConfirm","confirm":"8c7d2a0f-b812-41a7-a9eb-61c2766fecb7","ts":"2025-11-12T09:08:50.963+01:00","source":{"id":"0","name":"eventBus"}}
{"__type":"$$EventMessageNode","id":"35bde500-d8a9-4407-8977-700b32b1dae8","ts":"2025-11-12T09:08:50.964+01:00","eventName":"n8n.node.started","message":"n8n.node.started","payload":{"workflowId":"aHCB2XCQRQt8f7Oj","workflowName":"Recordatorio - No fichó salida tras 8h (BD + Email) ✅","executionId":"136","nodeType":"n8n-nodes-base.postgres","nodeName":"💾 Insertar notificación BD","nodeId":"3089a6ce-0da4-496d-bab5-22a347bad753"}}
{"__type":"$$EventMessageConfirm","confirm":"35bde500-d8a9-4407-8977-700b32b1dae8","ts":"2025-11-12T09:08:50.964+01:00","source":{"id":"0","name":"eventBus"}}
{"__type":"$$EventMessageNode","id":"0c48007c-0924-4128-999e-7627841688c4","ts":"2025-11-12T09:08:50.981+01:00","eventName":"n8n.node.finished","message":"n8n.node.finished","payload":{"workflowId":"aHCB2XCQRQt8f7Oj","workflowName":"Recordatorio - No fichó salida tras 8h (BD + Email) ✅","executionId":"136","nodeType":"n8n-nodes-base.postgres","nodeName":"💾 Insertar notificación BD","nodeId":"3089a6ce-0da4-496d-bab5-22a347bad753"}}
{"__type":"$$EventMessageConfirm","confirm":"0c48007c-0924-4128-999e-7627841688c4","ts":"2025-11-12T09:08:50.981+01:00","source":{"id":"0","name":"eventBus"}}
{"__type":"$$EventMessageNode","id":"71067a4f-15dc-48c6-a6b7-faed35b3ee37","ts":"2025-11-12T09:08:50.982+01:00","eventName":"n8n.node.started","message":"n8n.node.started","payload":{"workflowId":"aHCB2XCQRQt8f7Oj","workflowName":"Recordatorio - No fichó salida tras 8h (BD + Email) ✅","executionId":"136","nodeType":"n8n-nodes-base.emailSend","nodeName":"📧 Enviar correo al empleado","nodeId":"61e7fca5-17e3-4b24-bbbf-4da21fa80833"}}
{"__type":"$$EventMessageConfirm","confirm":"71067a4f-15dc-48c6-a6b7-faed35b3ee37","ts":"2025-11-12T09:08:50.982+01:00","source":{"id":"0","name":"eventBus"}}
{"__type":"$$EventMessageNode","id":"3896c8a7-292b-46d6-86c7-733b3a8d8a17","ts":"2025-11-12T09:08:52.096+01:00","eventName":"n8n.node.finished","message":"n8n.node.finished","payload":{"workflowId":"aHCB2XCQRQt8f7Oj","workflowName":"Recordatorio - No fichó salida tras 8h (BD + Email) ✅","executionId":"136","nodeType":"n8n-nodes-base.emailSend","nodeName":"📧 Enviar correo al empleado","nodeId":"61e7fca5-17e3-4b24-bbbf-4da21fa80833"}}
{"__type":"$$EventMessageConfirm","confirm":"3896c8a7-292b-46d6-86c7-733b3a8d8a17","ts":"2025-11-12T09:08:52.096+01:00","source":{"id":"0","name":"eventBus"}}
{"__type":"$$EventMessageWorkflow","id":"616a74fc-3089-4d97-a3b5-743b926ae0d0","ts":"2025-11-12T09:08:52.099+01:00","eventName":"n8n.workflow.failed","message":"n8n.workflow.failed","payload":{"userId":"4b81e23c-4620-48df-bb2c-c27e1649c325","executionId":"136","success":false,"isManual":true,"workflowId":"aHCB2XCQRQt8f7Oj","workflowName":"Recordatorio - No fichó salida tras 8h (BD + Email) ✅","lastNodeExecuted":"📧 Enviar correo al empleado","errorMessage":"No recipients defined"}}
{"__type":"$$EventMessageConfirm","confirm":"616a74fc-3089-4d97-a3b5-743b926ae0d0","ts":"2025-11-12T09:08:52.099+01:00","source":{"id":"0","name":"eventBus"}}
{"__type":"$$EventMessageWorkflow","id":"220a54f1-4caa-46bb-bfaf-08cba0614f8a","ts":"2025-11-12T09:10:03.343+01:00","eventName":"n8n.workflow.started","message":"n8n.workflow.started","payload":{"executionId":"137","workflowId":"aHCB2XCQRQt8f7Oj","isManual":false,"workflowName":"Recordatorio - No fichó salida tras 8h (BD + Email) ✅"}}
{"__type":"$$EventMessageConfirm","confirm":"220a54f1-4caa-46bb-bfaf-08cba0614f8a","ts":"2025-11-12T09:10:03.344+01:00","source":{"id":"0","name":"eventBus"}}
{"__type":"$$EventMessageNode","id":"4b39e53c-431b-4444-8271-698889c15991","ts":"2025-11-12T09:10:03.344+01:00","eventName":"n8n.node.started","message":"n8n.node.started","payload":{"workflowId":"aHCB2XCQRQt8f7Oj","workflowName":"Recordatorio - No fichó salida tras 8h (BD + Email) ✅","executionId":"137","nodeType":"n8n-nodes-base.merge","nodeName":"Merge","nodeId":"fee7aa31-8f6c-434e-969d-f722267a8ad1"}}
{"__type":"$$EventMessageConfirm","confirm":"4b39e53c-431b-4444-8271-698889c15991","ts":"2025-11-12T09:10:03.345+01:00","source":{"id":"0","name":"eventBus"}}
{"__type":"$$EventMessageNode","id":"96c1f22b-8aa8-45de-93cf-f6fc9b7e5a17","ts":"2025-11-12T09:10:03.353+01:00","eventName":"n8n.node.finished","message":"n8n.node.finished","payload":{"workflowId":"aHCB2XCQRQt8f7Oj","workflowName":"Recordatorio - No fichó salida tras 8h (BD + Email) ✅","executionId":"137","nodeType":"n8n-nodes-base.merge","nodeName":"Merge","nodeId":"fee7aa31-8f6c-434e-969d-f722267a8ad1"}}
{"__type":"$$EventMessageConfirm","confirm":"96c1f22b-8aa8-45de-93cf-f6fc9b7e5a17","ts":"2025-11-12T09:10:03.353+01:00","source":{"id":"0","name":"eventBus"}}
{"__type":"$$EventMessageWorkflow","id":"acb266bb-1f8a-4941-bdc6-3df69703bbbf","ts":"2025-11-12T09:10:03.359+01:00","eventName":"n8n.workflow.success","message":"n8n.workflow.success","payload":{"userId":"4b81e23c-4620-48df-bb2c-c27e1649c325","executionId":"137","success":true,"isManual":true,"workflowId":"aHCB2XCQRQt8f7Oj","workflowName":"Recordatorio - No fichó salida tras 8h (BD + Email) ✅"}}
{"__type":"$$EventMessageConfirm","confirm":"acb266bb-1f8a-4941-bdc6-3df69703bbbf","ts":"2025-11-12T09:10:03.359+01:00","source":{"id":"0","name":"eventBus"}}
{"__type":"$$EventMessageWorkflow","id":"6c6793bd-4145-412f-95d1-949670ed184e","ts":"2025-11-12T09:15:22.466+01:00","eventName":"n8n.workflow.started","message":"n8n.workflow.started","payload":{"executionId":"138","workflowId":"aHCB2XCQRQt8f7Oj","isManual":false,"workflowName":"Recordatorio - No fichó salida tras 8h (BD + Email) ✅"}}
{"__type":"$$EventMessageConfirm","confirm":"6c6793bd-4145-412f-95d1-949670ed184e","ts":"2025-11-12T09:15:22.466+01:00","source":{"id":"0","name":"eventBus"}}
{"__type":"$$EventMessageNode","id":"c88c0f75-f586-4bc7-87b3-5f4fe3a72935","ts":"2025-11-12T09:15:22.467+01:00","eventName":"n8n.node.started","message":"n8n.node.started","payload":{"workflowId":"aHCB2XCQRQt8f7Oj","workflowName":"Recordatorio - No fichó salida tras 8h (BD + Email) ✅","executionId":"138","nodeType":"n8n-nodes-base.cron","nodeName":"⏰ Cron cada hora","nodeId":"451f7103-60ee-44ac-ac5b-a2146c9e34cc"}}
{"__type":"$$EventMessageConfirm","confirm":"c88c0f75-f586-4bc7-87b3-5f4fe3a72935","ts":"2025-11-12T09:15:22.467+01:00","source":{"id":"0","name":"eventBus"}}
{"__type":"$$EventMessageNode","id":"a42c7ad3-ad5e-42e4-a4ab-1319110d4e0f","ts":"2025-11-12T09:15:22.485+01:00","eventName":"n8n.node.finished","message":"n8n.node.finished","payload":{"workflowId":"aHCB2XCQRQt8f7Oj","workflowName":"Recordatorio - No fichó salida tras 8h (BD + Email) ✅","executionId":"138","nodeType":"n8n-nodes-base.cron","nodeName":"⏰ Cron cada hora","nodeId":"451f7103-60ee-44ac-ac5b-a2146c9e34cc"}}
{"__type":"$$EventMessageConfirm","confirm":"a42c7ad3-ad5e-42e4-a4ab-1319110d4e0f","ts":"2025-11-12T09:15:22.485+01:00","source":{"id":"0","name":"eventBus"}}
{"__type":"$$EventMessageNode","id":"9d721e38-2433-45b6-8bd8-36e4c7916059","ts":"2025-11-12T09:15:22.486+01:00","eventName":"n8n.node.started","message":"n8n.node.started","payload":{"workflowId":"aHCB2XCQRQt8f7Oj","workflowName":"Recordatorio - No fichó salida tras 8h (BD + Email) ✅","executionId":"138","nodeType":"n8n-nodes-base.postgres","nodeName":"🔍 Buscar empleados sin salida","nodeId":"53aa37cd-4e75-47d9-a80a-d8c944fd86f2"}}
{"__type":"$$EventMessageConfirm","confirm":"9d721e38-2433-45b6-8bd8-36e4c7916059","ts":"2025-11-12T09:15:22.486+01:00","source":{"id":"0","name":"eventBus"}}
{"__type":"$$EventMessageNode","id":"c745c3fa-84be-4b75-a027-28d5fab05656","ts":"2025-11-12T09:15:22.516+01:00","eventName":"n8n.node.finished","message":"n8n.node.finished","payload":{"workflowId":"aHCB2XCQRQt8f7Oj","workflowName":"Recordatorio - No fichó salida tras 8h (BD + Email) ✅","executionId":"138","nodeType":"n8n-nodes-base.postgres","nodeName":"🔍 Buscar empleados sin salida","nodeId":"53aa37cd-4e75-47d9-a80a-d8c944fd86f2"}}
{"__type":"$$EventMessageConfirm","confirm":"c745c3fa-84be-4b75-a027-28d5fab05656","ts":"2025-11-12T09:15:22.517+01:00","source":{"id":"0","name":"eventBus"}}
{"__type":"$$EventMessageNode","id":"cce3d716-ba4b-4c80-b2f1-9c73e12304cb","ts":"2025-11-12T09:15:22.518+01:00","eventName":"n8n.node.started","message":"n8n.node.started","payload":{"workflowId":"aHCB2XCQRQt8f7Oj","workflowName":"Recordatorio - No fichó salida tras 8h (BD + Email) ✅","executionId":"138","nodeType":"n8n-nodes-base.function","nodeName":"🧮 Generar Query SQL","nodeId":"d623c03e-6453-4271-b091-691280cf6018"}}
{"__type":"$$EventMessageConfirm","confirm":"cce3d716-ba4b-4c80-b2f1-9c73e12304cb","ts":"2025-11-12T09:15:22.518+01:00","source":{"id":"0","name":"eventBus"}}
{"__type":"$$EventMessageNode","id":"39ac3f59-dc9a-447b-824d-acfb141f585b","ts":"2025-11-12T09:15:22.531+01:00","eventName":"n8n.node.finished","message":"n8n.node.finished","payload":{"workflowId":"aHCB2XCQRQt8f7Oj","workflowName":"Recordatorio - No fichó salida tras 8h (BD + Email) ✅","executionId":"138","nodeType":"n8n-nodes-base.function","nodeName":"🧮 Generar Query SQL","nodeId":"d623c03e-6453-4271-b091-691280cf6018"}}
{"__type":"$$EventMessageConfirm","confirm":"39ac3f59-dc9a-447b-824d-acfb141f585b","ts":"2025-11-12T09:15:22.531+01:00","source":{"id":"0","name":"eventBus"}}
{"__type":"$$EventMessageNode","id":"624f12a0-52ed-4a9b-82fd-35c19efe1156","ts":"2025-11-12T09:15:22.532+01:00","eventName":"n8n.node.started","message":"n8n.node.started","payload":{"workflowId":"aHCB2XCQRQt8f7Oj","workflowName":"Recordatorio - No fichó salida tras 8h (BD + Email) ✅","executionId":"138","nodeType":"n8n-nodes-base.postgres","nodeName":"💾 Insertar notificación BD","nodeId":"3089a6ce-0da4-496d-bab5-22a347bad753"}}
{"__type":"$$EventMessageConfirm","confirm":"624f12a0-52ed-4a9b-82fd-35c19efe1156","ts":"2025-11-12T09:15:22.533+01:00","source":{"id":"0","name":"eventBus"}}
{"__type":"$$EventMessageNode","id":"3671d931-b8eb-465f-8d5e-faedaadb4196","ts":"2025-11-12T09:15:22.549+01:00","eventName":"n8n.node.finished","message":"n8n.node.finished","payload":{"workflowId":"aHCB2XCQRQt8f7Oj","workflowName":"Recordatorio - No fichó salida tras 8h (BD + Email) ✅","executionId":"138","nodeType":"n8n-nodes-base.postgres","nodeName":"💾 Insertar notificación BD","nodeId":"3089a6ce-0da4-496d-bab5-22a347bad753"}}
{"__type":"$$EventMessageConfirm","confirm":"3671d931-b8eb-465f-8d5e-faedaadb4196","ts":"2025-11-12T09:15:22.549+01:00","source":{"id":"0","name":"eventBus"}}
{"__type":"$$EventMessageNode","id":"8aa3d938-ede9-4137-913d-27ecfb54d3eb","ts":"2025-11-12T09:15:22.550+01:00","eventName":"n8n.node.started","message":"n8n.node.started","payload":{"workflowId":"aHCB2XCQRQt8f7Oj","workflowName":"Recordatorio - No fichó salida tras 8h (BD + Email) ✅","executionId":"138","nodeType":"n8n-nodes-base.emailSend","nodeName":"📧 Enviar correo al empleado","nodeId":"61e7fca5-17e3-4b24-bbbf-4da21fa80833"}}
{"__type":"$$EventMessageConfirm","confirm":"8aa3d938-ede9-4137-913d-27ecfb54d3eb","ts":"2025-11-12T09:15:22.550+01:00","source":{"id":"0","name":"eventBus"}}
{"__type":"$$EventMessageNode","id":"f23ce6d9-73d3-42ba-add7-b1d8fe178df6","ts":"2025-11-12T09:15:23.654+01:00","eventName":"n8n.node.finished","message":"n8n.node.finished","payload":{"workflowId":"aHCB2XCQRQt8f7Oj","workflowName":"Recordatorio - No fichó salida tras 8h (BD + Email) ✅","executionId":"138","nodeType":"n8n-nodes-base.emailSend","nodeName":"📧 Enviar correo al empleado","nodeId":"61e7fca5-17e3-4b24-bbbf-4da21fa80833"}}
{"__type":"$$EventMessageConfirm","confirm":"f23ce6d9-73d3-42ba-add7-b1d8fe178df6","ts":"2025-11-12T09:15:23.655+01:00","source":{"id":"0","name":"eventBus"}}
{"__type":"$$EventMessageWorkflow","id":"b7209a6e-2761-4a04-bcce-1e8d0804fafa","ts":"2025-11-12T09:15:23.659+01:00","eventName":"n8n.workflow.failed","message":"n8n.workflow.failed","payload":{"userId":"4b81e23c-4620-48df-bb2c-c27e1649c325","executionId":"138","success":false,"isManual":true,"workflowId":"aHCB2XCQRQt8f7Oj","workflowName":"Recordatorio - No fichó salida tras 8h (BD + Email) ✅","lastNodeExecuted":"📧 Enviar correo al empleado","errorMessage":"No recipients defined"}}
{"__type":"$$EventMessageConfirm","confirm":"b7209a6e-2761-4a04-bcce-1e8d0804fafa","ts":"2025-11-12T09:15:23.661+01:00","source":{"id":"0","name":"eventBus"}}
{"__type":"$$EventMessageWorkflow","id":"1cd6d61b-8321-499f-b86b-367209157592","ts":"2025-11-12T09:15:45.648+01:00","eventName":"n8n.workflow.started","message":"n8n.workflow.started","payload":{"executionId":"139","workflowId":"aHCB2XCQRQt8f7Oj","isManual":false,"workflowName":"Recordatorio - No fichó salida tras 8h (BD + Email) ✅"}}
{"__type":"$$EventMessageConfirm","confirm":"1cd6d61b-8321-499f-b86b-367209157592","ts":"2025-11-12T09:15:45.648+01:00","source":{"id":"0","name":"eventBus"}}
{"__type":"$$EventMessageNode","id":"5491a8fd-ed26-4edb-b4d6-177e2de3d83a","ts":"2025-11-12T09:15:45.650+01:00","eventName":"n8n.node.started","message":"n8n.node.started","payload":{"workflowId":"aHCB2XCQRQt8f7Oj","workflowName":"Recordatorio - No fichó salida tras 8h (BD + Email) ✅","executionId":"139","nodeType":"n8n-nodes-base.merge","nodeName":"Merge","nodeId":"fee7aa31-8f6c-434e-969d-f722267a8ad1"}}
{"__type":"$$EventMessageConfirm","confirm":"5491a8fd-ed26-4edb-b4d6-177e2de3d83a","ts":"2025-11-12T09:15:45.650+01:00","source":{"id":"0","name":"eventBus"}}
{"__type":"$$EventMessageNode","id":"3c1b5053-71f5-4806-b0cb-63b94c3030dd","ts":"2025-11-12T09:15:45.658+01:00","eventName":"n8n.node.finished","message":"n8n.node.finished","payload":{"workflowId":"aHCB2XCQRQt8f7Oj","workflowName":"Recordatorio - No fichó salida tras 8h (BD + Email) ✅","executionId":"139","nodeType":"n8n-nodes-base.merge","nodeName":"Merge","nodeId":"fee7aa31-8f6c-434e-969d-f722267a8ad1"}}
{"__type":"$$EventMessageConfirm","confirm":"3c1b5053-71f5-4806-b0cb-63b94c3030dd","ts":"2025-11-12T09:15:45.658+01:00","source":{"id":"0","name":"eventBus"}}
{"__type":"$$EventMessageWorkflow","id":"6ed3bff6-68fc-40ec-be42-bb65e7deaea5","ts":"2025-11-12T09:15:45.664+01:00","eventName":"n8n.workflow.success","message":"n8n.workflow.success","payload":{"userId":"4b81e23c-4620-48df-bb2c-c27e1649c325","executionId":"139","success":true,"isManual":true,"workflowId":"aHCB2XCQRQt8f7Oj","workflowName":"Recordatorio - No fichó salida tras 8h (BD + Email) ✅"}}
{"__type":"$$EventMessageConfirm","confirm":"6ed3bff6-68fc-40ec-be42-bb65e7deaea5","ts":"2025-11-12T09:15:45.664+01:00","source":{"id":"0","name":"eventBus"}}
{"__type":"$$EventMessageWorkflow","id":"f58a808d-468c-414f-8b1b-fff3bcbf05a1","ts":"2025-11-12T09:18:34.294+01:00","eventName":"n8n.workflow.started","message":"n8n.workflow.started","payload":{"executionId":"140","workflowId":"aHCB2XCQRQt8f7Oj","isManual":false,"workflowName":"Recordatorio - No fichó salida tras 8h (BD + Email) ✅"}}
{"__type":"$$EventMessageConfirm","confirm":"f58a808d-468c-414f-8b1b-fff3bcbf05a1","ts":"2025-11-12T09:18:34.294+01:00","source":{"id":"0","name":"eventBus"}}
{"__type":"$$EventMessageNode","id":"bdcf42bf-0192-4540-88d4-14b85db63505","ts":"2025-11-12T09:18:34.295+01:00","eventName":"n8n.node.started","message":"n8n.node.started","payload":{"workflowId":"aHCB2XCQRQt8f7Oj","workflowName":"Recordatorio - No fichó salida tras 8h (BD + Email) ✅","executionId":"140","nodeType":"n8n-nodes-base.emailSend","nodeName":"📧 Enviar correo al empleado","nodeId":"61e7fca5-17e3-4b24-bbbf-4da21fa80833"}}
{"__type":"$$EventMessageConfirm","confirm":"bdcf42bf-0192-4540-88d4-14b85db63505","ts":"2025-11-12T09:18:34.296+01:00","source":{"id":"0","name":"eventBus"}}
{"__type":"$$EventMessageNode","id":"303dcae2-1256-4ade-88d3-9997c9d3f10c","ts":"2025-11-12T09:18:35.421+01:00","eventName":"n8n.node.finished","message":"n8n.node.finished","payload":{"workflowId":"aHCB2XCQRQt8f7Oj","workflowName":"Recordatorio - No fichó salida tras 8h (BD + Email) ✅","executionId":"140","nodeType":"n8n-nodes-base.emailSend","nodeName":"📧 Enviar correo al empleado","nodeId":"61e7fca5-17e3-4b24-bbbf-4da21fa80833"}}
{"__type":"$$EventMessageConfirm","confirm":"303dcae2-1256-4ade-88d3-9997c9d3f10c","ts":"2025-11-12T09:18:35.421+01:00","source":{"id":"0","name":"eventBus"}}
{"__type":"$$EventMessageWorkflow","id":"1f1a34f3-7ad1-41af-8442-f5bbb68a4128","ts":"2025-11-12T09:18:35.428+01:00","eventName":"n8n.workflow.failed","message":"n8n.workflow.failed","payload":{"userId":"4b81e23c-4620-48df-bb2c-c27e1649c325","executionId":"140","success":false,"isManual":true,"workflowId":"aHCB2XCQRQt8f7Oj","workflowName":"Recordatorio - No fichó salida tras 8h (BD + Email) ✅","lastNodeExecuted":"📧 Enviar correo al empleado","errorMessage":"No recipients defined"}}
{"__type":"$$EventMessageConfirm","confirm":"1f1a34f3-7ad1-41af-8442-f5bbb68a4128","ts":"2025-11-12T09:18:35.429+01:00","source":{"id":"0","name":"eventBus"}}
{"__type":"$$EventMessageWorkflow","id":"018e1eca-27d9-45a1-99eb-4507e0b0cb06","ts":"2025-11-12T09:23:44.679+01:00","eventName":"n8n.workflow.started","message":"n8n.workflow.started","payload":{"executionId":"141","workflowId":"aHCB2XCQRQt8f7Oj","isManual":false,"workflowName":"Recordatorio - No fichó salida tras 8h (BD + Email) ✅"}}
{"__type":"$$EventMessageConfirm","confirm":"018e1eca-27d9-45a1-99eb-4507e0b0cb06","ts":"2025-11-12T09:23:44.680+01:00","source":{"id":"0","name":"eventBus"}}
{"__type":"$$EventMessageNode","id":"29754142-e5cb-483e-bd3f-e4e1a723caff","ts":"2025-11-12T09:23:44.680+01:00","eventName":"n8n.node.started","message":"n8n.node.started","payload":{"workflowId":"aHCB2XCQRQt8f7Oj","workflowName":"Recordatorio - No fichó salida tras 8h (BD + Email) ✅","executionId":"141","nodeType":"n8n-nodes-base.cron","nodeName":"⏰ Cron cada hora","nodeId":"451f7103-60ee-44ac-ac5b-a2146c9e34cc"}}
{"__type":"$$EventMessageConfirm","confirm":"29754142-e5cb-483e-bd3f-e4e1a723caff","ts":"2025-11-12T09:23:44.680+01:00","source":{"id":"0","name":"eventBus"}}
{"__type":"$$EventMessageNode","id":"c49c3c33-07b4-4167-9c88-a255400ee491","ts":"2025-11-12T09:23:44.691+01:00","eventName":"n8n.node.finished","message":"n8n.node.finished","payload":{"workflowId":"aHCB2XCQRQt8f7Oj","workflowName":"Recordatorio - No fichó salida tras 8h (BD + Email) ✅","executionId":"141","nodeType":"n8n-nodes-base.cron","nodeName":"⏰ Cron cada hora","nodeId":"451f7103-60ee-44ac-ac5b-a2146c9e34cc"}}
{"__type":"$$EventMessageConfirm","confirm":"c49c3c33-07b4-4167-9c88-a255400ee491","ts":"2025-11-12T09:23:44.692+01:00","source":{"id":"0","name":"eventBus"}}
{"__type":"$$EventMessageNode","id":"6f1e3551-e61e-4bbf-9f84-15e03925835f","ts":"2025-11-12T09:23:44.693+01:00","eventName":"n8n.node.started","message":"n8n.node.started","payload":{"workflowId":"aHCB2XCQRQt8f7Oj","workflowName":"Recordatorio - No fichó salida tras 8h (BD + Email) ✅","executionId":"141","nodeType":"n8n-nodes-base.postgres","nodeName":"🔍 Buscar empleados sin salida","nodeId":"53aa37cd-4e75-47d9-a80a-d8c944fd86f2"}}
{"__type":"$$EventMessageConfirm","confirm":"6f1e3551-e61e-4bbf-9f84-15e03925835f","ts":"2025-11-12T09:23:44.693+01:00","source":{"id":"0","name":"eventBus"}}
{"__type":"$$EventMessageNode","id":"fd05fb4d-bd28-488d-b46b-7d8a00165f95","ts":"2025-11-12T09:23:44.719+01:00","eventName":"n8n.node.finished","message":"n8n.node.finished","payload":{"workflowId":"aHCB2XCQRQt8f7Oj","workflowName":"Recordatorio - No fichó salida tras 8h (BD + Email) ✅","executionId":"141","nodeType":"n8n-nodes-base.postgres","nodeName":"🔍 Buscar empleados sin salida","nodeId":"53aa37cd-4e75-47d9-a80a-d8c944fd86f2"}}
{"__type":"$$EventMessageConfirm","confirm":"fd05fb4d-bd28-488d-b46b-7d8a00165f95","ts":"2025-11-12T09:23:44.719+01:00","source":{"id":"0","name":"eventBus"}}
{"__type":"$$EventMessageNode","id":"40d33d38-5a1b-469c-87fc-906aa6e773b8","ts":"2025-11-12T09:23:44.720+01:00","eventName":"n8n.node.started","message":"n8n.node.started","payload":{"workflowId":"aHCB2XCQRQt8f7Oj","workflowName":"Recordatorio - No fichó salida tras 8h (BD + Email) ✅","executionId":"141","nodeType":"n8n-nodes-base.function","nodeName":"🧮 Generar Query SQL","nodeId":"d623c03e-6453-4271-b091-691280cf6018"}}
{"__type":"$$EventMessageConfirm","confirm":"40d33d38-5a1b-469c-87fc-906aa6e773b8","ts":"2025-11-12T09:23:44.721+01:00","source":{"id":"0","name":"eventBus"}}
{"__type":"$$EventMessageNode","id":"7d987a47-037d-4f88-89a3-de85862c6f70","ts":"2025-11-12T09:23:44.733+01:00","eventName":"n8n.node.finished","message":"n8n.node.finished","payload":{"workflowId":"aHCB2XCQRQt8f7Oj","workflowName":"Recordatorio - No fichó salida tras 8h (BD + Email) ✅","executionId":"141","nodeType":"n8n-nodes-base.function","nodeName":"🧮 Generar Query SQL","nodeId":"d623c03e-6453-4271-b091-691280cf6018"}}
{"__type":"$$EventMessageConfirm","confirm":"7d987a47-037d-4f88-89a3-de85862c6f70","ts":"2025-11-12T09:23:44.734+01:00","source":{"id":"0","name":"eventBus"}}
{"__type":"$$EventMessageNode","id":"6fd8387b-27f5-4ab8-aea7-98683250bbcc","ts":"2025-11-12T09:23:44.735+01:00","eventName":"n8n.node.started","message":"n8n.node.started","payload":{"workflowId":"aHCB2XCQRQt8f7Oj","workflowName":"Recordatorio - No fichó salida tras 8h (BD + Email) ✅","executionId":"141","nodeType":"n8n-nodes-base.postgres","nodeName":"💾 Insertar notificación BD","nodeId":"3089a6ce-0da4-496d-bab5-22a347bad753"}}
{"__type":"$$EventMessageConfirm","confirm":"6fd8387b-27f5-4ab8-aea7-98683250bbcc","ts":"2025-11-12T09:23:44.735+01:00","source":{"id":"0","name":"eventBus"}}
{"__type":"$$EventMessageNode","id":"6ae8fde8-71be-4e03-911f-032e3e33d788","ts":"2025-11-12T09:23:44.751+01:00","eventName":"n8n.node.finished","message":"n8n.node.finished","payload":{"workflowId":"aHCB2XCQRQt8f7Oj","workflowName":"Recordatorio - No fichó salida tras 8h (BD + Email) ✅","executionId":"141","nodeType":"n8n-nodes-base.postgres","nodeName":"💾 Insertar notificación BD","nodeId":"3089a6ce-0da4-496d-bab5-22a347bad753"}}
{"__type":"$$EventMessageConfirm","confirm":"6ae8fde8-71be-4e03-911f-032e3e33d788","ts":"2025-11-12T09:23:44.751+01:00","source":{"id":"0","name":"eventBus"}}
{"__type":"$$EventMessageWorkflow","id":"413cbfb5-977f-44c2-9ff3-0d73c5e6b10d","ts":"2025-11-12T09:23:44.753+01:00","eventName":"n8n.workflow.success","message":"n8n.workflow.success","payload":{"userId":"4b81e23c-4620-48df-bb2c-c27e1649c325","executionId":"141","success":true,"isManual":true,"workflowId":"aHCB2XCQRQt8f7Oj","workflowName":"Recordatorio - No fichó salida tras 8h (BD + Email) ✅"}}
{"__type":"$$EventMessageConfirm","confirm":"413cbfb5-977f-44c2-9ff3-0d73c5e6b10d","ts":"2025-11-12T09:23:44.753+01:00","source":{"id":"0","name":"eventBus"}}
