{"__type":"$$EventMessageWorkflow","id":"0d03f3d9-f125-458e-ab8b-f0cb2f8005e5","ts":"2025-11-19T10:30:43.112+00:00","eventName":"n8n.workflow.started","message":"n8n.workflow.started","payload":{"executionId":"487","workflowId":"xulC3f6S9P2FrlLb","isManual":false,"workflowName":"Enviar Invitaciones Automáticas"}}
{"__type":"$$EventMessageConfirm","confirm":"0d03f3d9-f125-458e-ab8b-f0cb2f8005e5","ts":"2025-11-19T10:30:43.113+00:00","source":{"id":"0","name":"eventBus"}}
{"__type":"$$EventMessageNode","id":"13c90faf-ed33-4cb7-9a3d-642ef5a3e664","ts":"2025-11-19T10:30:43.114+00:00","eventName":"n8n.node.started","message":"n8n.node.started","payload":{"workflowId":"xulC3f6S9P2FrlLb","workflowName":"Enviar Invitaciones Automáticas","executionId":"487","nodeType":"n8n-nodes-base.scheduleTrigger","nodeName":"⏰ Cada Minuto","nodeId":"ac88ece8-aea7-4d35-a18e-c15ac7bcc38b"}}
{"__type":"$$EventMessageConfirm","confirm":"13c90faf-ed33-4cb7-9a3d-642ef5a3e664","ts":"2025-11-19T10:30:43.114+00:00","source":{"id":"0","name":"eventBus"}}
{"__type":"$$EventMessageNode","id":"929257b2-a62b-4048-a1d0-98914a17ff3c","ts":"2025-11-19T10:30:43.116+00:00","eventName":"n8n.node.finished","message":"n8n.node.finished","payload":{"workflowId":"xulC3f6S9P2FrlLb","workflowName":"Enviar Invitaciones Automáticas","executionId":"487","nodeType":"n8n-nodes-base.scheduleTrigger","nodeName":"⏰ Cada Minuto","nodeId":"ac88ece8-aea7-4d35-a18e-c15ac7bcc38b"}}
{"__type":"$$EventMessageConfirm","confirm":"929257b2-a62b-4048-a1d0-98914a17ff3c","ts":"2025-11-19T10:30:43.116+00:00","source":{"id":"0","name":"eventBus"}}
{"__type":"$$EventMessageNode","id":"9412239c-ed1f-4ae2-bf98-0a3194908c3a","ts":"2025-11-19T10:30:43.117+00:00","eventName":"n8n.node.started","message":"n8n.node.started","payload":{"workflowId":"xulC3f6S9P2FrlLb","workflowName":"Enviar Invitaciones Automáticas","executionId":"487","nodeType":"n8n-nodes-base.postgres","nodeName":"🗄️ Obtener Invitaciones Pendientes","nodeId":"037ce15c-53af-494b-8dc1-9869170e307f"}}
{"__type":"$$EventMessageConfirm","confirm":"9412239c-ed1f-4ae2-bf98-0a3194908c3a","ts":"2025-11-19T10:30:43.117+00:00","source":{"id":"0","name":"eventBus"}}
{"__type":"$$EventMessageNode","id":"5fd09325-7599-435a-a441-340be726eab8","ts":"2025-11-19T10:30:43.191+00:00","eventName":"n8n.node.finished","message":"n8n.node.finished","payload":{"workflowId":"xulC3f6S9P2FrlLb","workflowName":"Enviar Invitaciones Automáticas","executionId":"487","nodeType":"n8n-nodes-base.postgres","nodeName":"🗄️ Obtener Invitaciones Pendientes","nodeId":"037ce15c-53af-494b-8dc1-9869170e307f"}}
{"__type":"$$EventMessageConfirm","confirm":"5fd09325-7599-435a-a441-340be726eab8","ts":"2025-11-19T10:30:43.191+00:00","source":{"id":"0","name":"eventBus"}}
{"__type":"$$EventMessageWorkflow","id":"ea528ef6-5c02-4c61-936d-0989af9ceb51","ts":"2025-11-19T10:30:43.194+00:00","eventName":"n8n.workflow.success","message":"n8n.workflow.success","payload":{"executionId":"487","success":true,"isManual":false,"workflowId":"xulC3f6S9P2FrlLb","workflowName":"Enviar Invitaciones Automáticas"}}
{"__type":"$$EventMessageConfirm","confirm":"ea528ef6-5c02-4c61-936d-0989af9ceb51","ts":"2025-11-19T10:30:43.194+00:00","source":{"id":"0","name":"eventBus"}}
{"__type":"$$EventMessageWorkflow","id":"758e4f92-1d84-405b-b67d-b1dd46ee6e91","ts":"2025-11-19T10:35:43.060+00:00","eventName":"n8n.workflow.started","message":"n8n.workflow.started","payload":{"executionId":"488","workflowId":"xulC3f6S9P2FrlLb","isManual":false,"workflowName":"Enviar Invitaciones Automáticas"}}
{"__type":"$$EventMessageConfirm","confirm":"758e4f92-1d84-405b-b67d-b1dd46ee6e91","ts":"2025-11-19T10:35:43.060+00:00","source":{"id":"0","name":"eventBus"}}
{"__type":"$$EventMessageNode","id":"25b92ad7-a909-4c12-bd44-0539bb95038f","ts":"2025-11-19T10:35:43.061+00:00","eventName":"n8n.node.started","message":"n8n.node.started","payload":{"workflowId":"xulC3f6S9P2FrlLb","workflowName":"Enviar Invitaciones Automáticas","executionId":"488","nodeType":"n8n-nodes-base.scheduleTrigger","nodeName":"⏰ Cada Minuto","nodeId":"ac88ece8-aea7-4d35-a18e-c15ac7bcc38b"}}
{"__type":"$$EventMessageConfirm","confirm":"25b92ad7-a909-4c12-bd44-0539bb95038f","ts":"2025-11-19T10:35:43.061+00:00","source":{"id":"0","name":"eventBus"}}
{"__type":"$$EventMessageNode","id":"5d10b474-6e3d-4e28-b6c6-8b048ba3f76c","ts":"2025-11-19T10:35:43.062+00:00","eventName":"n8n.node.finished","message":"n8n.node.finished","payload":{"workflowId":"xulC3f6S9P2FrlLb","workflowName":"Enviar Invitaciones Automáticas","executionId":"488","nodeType":"n8n-nodes-base.scheduleTrigger","nodeName":"⏰ Cada Minuto","nodeId":"ac88ece8-aea7-4d35-a18e-c15ac7bcc38b"}}
{"__type":"$$EventMessageConfirm","confirm":"5d10b474-6e3d-4e28-b6c6-8b048ba3f76c","ts":"2025-11-19T10:35:43.062+00:00","source":{"id":"0","name":"eventBus"}}
{"__type":"$$EventMessageNode","id":"eb37cadb-3110-42fb-bd68-1d87c19f03da","ts":"2025-11-19T10:35:43.062+00:00","eventName":"n8n.node.started","message":"n8n.node.started","payload":{"workflowId":"xulC3f6S9P2FrlLb","workflowName":"Enviar Invitaciones Automáticas","executionId":"488","nodeType":"n8n-nodes-base.postgres","nodeName":"🗄️ Obtener Invitaciones Pendientes","nodeId":"037ce15c-53af-494b-8dc1-9869170e307f"}}
{"__type":"$$EventMessageConfirm","confirm":"eb37cadb-3110-42fb-bd68-1d87c19f03da","ts":"2025-11-19T10:35:43.063+00:00","source":{"id":"0","name":"eventBus"}}
{"__type":"$$EventMessageNode","id":"b324665c-2ee2-4dcd-9008-635546d2fc67","ts":"2025-11-19T10:35:43.100+00:00","eventName":"n8n.node.finished","message":"n8n.node.finished","payload":{"workflowId":"xulC3f6S9P2FrlLb","workflowName":"Enviar Invitaciones Automáticas","executionId":"488","nodeType":"n8n-nodes-base.postgres","nodeName":"🗄️ Obtener Invitaciones Pendientes","nodeId":"037ce15c-53af-494b-8dc1-9869170e307f"}}
{"__type":"$$EventMessageConfirm","confirm":"b324665c-2ee2-4dcd-9008-635546d2fc67","ts":"2025-11-19T10:35:43.100+00:00","source":{"id":"0","name":"eventBus"}}
{"__type":"$$EventMessageWorkflow","id":"b58bf181-3a7d-453a-8430-a994ebd77722","ts":"2025-11-19T10:35:43.100+00:00","eventName":"n8n.workflow.success","message":"n8n.workflow.success","payload":{"executionId":"488","success":true,"isManual":false,"workflowId":"xulC3f6S9P2FrlLb","workflowName":"Enviar Invitaciones Automáticas"}}
{"__type":"$$EventMessageConfirm","confirm":"b58bf181-3a7d-453a-8430-a994ebd77722","ts":"2025-11-19T10:35:43.100+00:00","source":{"id":"0","name":"eventBus"}}
{"__type":"$$EventMessageWorkflow","id":"aa0e0fc4-fd0a-4ee6-a26c-704dced785c4","ts":"2025-11-19T10:40:43.037+00:00","eventName":"n8n.workflow.started","message":"n8n.workflow.started","payload":{"executionId":"489","workflowId":"xulC3f6S9P2FrlLb","isManual":false,"workflowName":"Enviar Invitaciones Automáticas"}}
{"__type":"$$EventMessageConfirm","confirm":"aa0e0fc4-fd0a-4ee6-a26c-704dced785c4","ts":"2025-11-19T10:40:43.037+00:00","source":{"id":"0","name":"eventBus"}}
{"__type":"$$EventMessageNode","id":"a7868d3d-85c3-493f-8b2e-5461a8f6c6ed","ts":"2025-11-19T10:40:43.038+00:00","eventName":"n8n.node.started","message":"n8n.node.started","payload":{"workflowId":"xulC3f6S9P2FrlLb","workflowName":"Enviar Invitaciones Automáticas","executionId":"489","nodeType":"n8n-nodes-base.scheduleTrigger","nodeName":"⏰ Cada Minuto","nodeId":"ac88ece8-aea7-4d35-a18e-c15ac7bcc38b"}}
{"__type":"$$EventMessageConfirm","confirm":"a7868d3d-85c3-493f-8b2e-5461a8f6c6ed","ts":"2025-11-19T10:40:43.038+00:00","source":{"id":"0","name":"eventBus"}}
{"__type":"$$EventMessageNode","id":"84ef3496-eefa-4553-aa37-1133f4ce76bb","ts":"2025-11-19T10:40:43.038+00:00","eventName":"n8n.node.finished","message":"n8n.node.finished","payload":{"workflowId":"xulC3f6S9P2FrlLb","workflowName":"Enviar Invitaciones Automáticas","executionId":"489","nodeType":"n8n-nodes-base.scheduleTrigger","nodeName":"⏰ Cada Minuto","nodeId":"ac88ece8-aea7-4d35-a18e-c15ac7bcc38b"}}
{"__type":"$$EventMessageConfirm","confirm":"84ef3496-eefa-4553-aa37-1133f4ce76bb","ts":"2025-11-19T10:40:43.039+00:00","source":{"id":"0","name":"eventBus"}}
{"__type":"$$EventMessageNode","id":"111b12d2-9bbf-4095-bcc7-77ef830ba3b6","ts":"2025-11-19T10:40:43.039+00:00","eventName":"n8n.node.started","message":"n8n.node.started","payload":{"workflowId":"xulC3f6S9P2FrlLb","workflowName":"Enviar Invitaciones Automáticas","executionId":"489","nodeType":"n8n-nodes-base.postgres","nodeName":"🗄️ Obtener Invitaciones Pendientes","nodeId":"037ce15c-53af-494b-8dc1-9869170e307f"}}
{"__type":"$$EventMessageConfirm","confirm":"111b12d2-9bbf-4095-bcc7-77ef830ba3b6","ts":"2025-11-19T10:40:43.039+00:00","source":{"id":"0","name":"eventBus"}}
{"__type":"$$EventMessageNode","id":"32d8bd78-274a-434f-8d5b-ecfef22b0eb8","ts":"2025-11-19T10:40:43.063+00:00","eventName":"n8n.node.finished","message":"n8n.node.finished","payload":{"workflowId":"xulC3f6S9P2FrlLb","workflowName":"Enviar Invitaciones Automáticas","executionId":"489","nodeType":"n8n-nodes-base.postgres","nodeName":"🗄️ Obtener Invitaciones Pendientes","nodeId":"037ce15c-53af-494b-8dc1-9869170e307f"}}
{"__type":"$$EventMessageConfirm","confirm":"32d8bd78-274a-434f-8d5b-ecfef22b0eb8","ts":"2025-11-19T10:40:43.063+00:00","source":{"id":"0","name":"eventBus"}}
{"__type":"$$EventMessageWorkflow","id":"540125d2-2b1d-4159-b83f-84e031960216","ts":"2025-11-19T10:40:43.065+00:00","eventName":"n8n.workflow.success","message":"n8n.workflow.success","payload":{"executionId":"489","success":true,"isManual":false,"workflowId":"xulC3f6S9P2FrlLb","workflowName":"Enviar Invitaciones Automáticas"}}
{"__type":"$$EventMessageConfirm","confirm":"540125d2-2b1d-4159-b83f-84e031960216","ts":"2025-11-19T10:40:43.065+00:00","source":{"id":"0","name":"eventBus"}}
{"__type":"$$EventMessageWorkflow","id":"46848bce-bdc6-4aea-b436-2739af656250","ts":"2025-11-19T10:45:43.050+00:00","eventName":"n8n.workflow.started","message":"n8n.workflow.started","payload":{"executionId":"490","workflowId":"xulC3f6S9P2FrlLb","isManual":false,"workflowName":"Enviar Invitaciones Automáticas"}}
{"__type":"$$EventMessageConfirm","confirm":"46848bce-bdc6-4aea-b436-2739af656250","ts":"2025-11-19T10:45:43.050+00:00","source":{"id":"0","name":"eventBus"}}
{"__type":"$$EventMessageNode","id":"1bbe7b14-86f1-4cb3-9fa7-4ecde7b68283","ts":"2025-11-19T10:45:43.051+00:00","eventName":"n8n.node.started","message":"n8n.node.started","payload":{"workflowId":"xulC3f6S9P2FrlLb","workflowName":"Enviar Invitaciones Automáticas","executionId":"490","nodeType":"n8n-nodes-base.scheduleTrigger","nodeName":"⏰ Cada Minuto","nodeId":"ac88ece8-aea7-4d35-a18e-c15ac7bcc38b"}}
{"__type":"$$EventMessageConfirm","confirm":"1bbe7b14-86f1-4cb3-9fa7-4ecde7b68283","ts":"2025-11-19T10:45:43.051+00:00","source":{"id":"0","name":"eventBus"}}
{"__type":"$$EventMessageNode","id":"676a90d5-f14d-4665-897f-ec0a16e58075","ts":"2025-11-19T10:45:43.052+00:00","eventName":"n8n.node.finished","message":"n8n.node.finished","payload":{"workflowId":"xulC3f6S9P2FrlLb","workflowName":"Enviar Invitaciones Automáticas","executionId":"490","nodeType":"n8n-nodes-base.scheduleTrigger","nodeName":"⏰ Cada Minuto","nodeId":"ac88ece8-aea7-4d35-a18e-c15ac7bcc38b"}}
{"__type":"$$EventMessageConfirm","confirm":"676a90d5-f14d-4665-897f-ec0a16e58075","ts":"2025-11-19T10:45:43.052+00:00","source":{"id":"0","name":"eventBus"}}
{"__type":"$$EventMessageNode","id":"bc96522e-1130-4d9c-980e-2e0d3fd46e9b","ts":"2025-11-19T10:45:43.052+00:00","eventName":"n8n.node.started","message":"n8n.node.started","payload":{"workflowId":"xulC3f6S9P2FrlLb","workflowName":"Enviar Invitaciones Automáticas","executionId":"490","nodeType":"n8n-nodes-base.postgres","nodeName":"🗄️ Obtener Invitaciones Pendientes","nodeId":"037ce15c-53af-494b-8dc1-9869170e307f"}}
{"__type":"$$EventMessageConfirm","confirm":"bc96522e-1130-4d9c-980e-2e0d3fd46e9b","ts":"2025-11-19T10:45:43.052+00:00","source":{"id":"0","name":"eventBus"}}
{"__type":"$$EventMessageNode","id":"480760fe-2fab-4902-ad54-d98b13024de3","ts":"2025-11-19T10:45:43.082+00:00","eventName":"n8n.node.finished","message":"n8n.node.finished","payload":{"workflowId":"xulC3f6S9P2FrlLb","workflowName":"Enviar Invitaciones Automáticas","executionId":"490","nodeType":"n8n-nodes-base.postgres","nodeName":"🗄️ Obtener Invitaciones Pendientes","nodeId":"037ce15c-53af-494b-8dc1-9869170e307f"}}
{"__type":"$$EventMessageConfirm","confirm":"480760fe-2fab-4902-ad54-d98b13024de3","ts":"2025-11-19T10:45:43.082+00:00","source":{"id":"0","name":"eventBus"}}
{"__type":"$$EventMessageWorkflow","id":"c09fbc49-a8b2-40ea-9b35-3792595ed084","ts":"2025-11-19T10:45:43.083+00:00","eventName":"n8n.workflow.success","message":"n8n.workflow.success","payload":{"executionId":"490","success":true,"isManual":false,"workflowId":"xulC3f6S9P2FrlLb","workflowName":"Enviar Invitaciones Automáticas"}}
{"__type":"$$EventMessageConfirm","confirm":"c09fbc49-a8b2-40ea-9b35-3792595ed084","ts":"2025-11-19T10:45:43.083+00:00","source":{"id":"0","name":"eventBus"}}
{"__type":"$$EventMessageWorkflow","id":"900a11d7-0ebc-4f6f-9ae6-4e1c3660b389","ts":"2025-11-19T10:50:43.044+00:00","eventName":"n8n.workflow.started","message":"n8n.workflow.started","payload":{"executionId":"491","workflowId":"xulC3f6S9P2FrlLb","isManual":false,"workflowName":"Enviar Invitaciones Automáticas"}}
{"__type":"$$EventMessageConfirm","confirm":"900a11d7-0ebc-4f6f-9ae6-4e1c3660b389","ts":"2025-11-19T10:50:43.044+00:00","source":{"id":"0","name":"eventBus"}}
{"__type":"$$EventMessageNode","id":"4a7df88f-839a-400c-9022-820e8d19bb1a","ts":"2025-11-19T10:50:43.045+00:00","eventName":"n8n.node.started","message":"n8n.node.started","payload":{"workflowId":"xulC3f6S9P2FrlLb","workflowName":"Enviar Invitaciones Automáticas","executionId":"491","nodeType":"n8n-nodes-base.scheduleTrigger","nodeName":"⏰ Cada Minuto","nodeId":"ac88ece8-aea7-4d35-a18e-c15ac7bcc38b"}}
{"__type":"$$EventMessageConfirm","confirm":"4a7df88f-839a-400c-9022-820e8d19bb1a","ts":"2025-11-19T10:50:43.045+00:00","source":{"id":"0","name":"eventBus"}}
{"__type":"$$EventMessageNode","id":"7fc387f5-bd8d-4411-844c-6d528eaac329","ts":"2025-11-19T10:50:43.045+00:00","eventName":"n8n.node.finished","message":"n8n.node.finished","payload":{"workflowId":"xulC3f6S9P2FrlLb","workflowName":"Enviar Invitaciones Automáticas","executionId":"491","nodeType":"n8n-nodes-base.scheduleTrigger","nodeName":"⏰ Cada Minuto","nodeId":"ac88ece8-aea7-4d35-a18e-c15ac7bcc38b"}}
{"__type":"$$EventMessageConfirm","confirm":"7fc387f5-bd8d-4411-844c-6d528eaac329","ts":"2025-11-19T10:50:43.045+00:00","source":{"id":"0","name":"eventBus"}}
{"__type":"$$EventMessageNode","id":"1ed687e3-f14c-4d91-9dc9-4ea9c2a14d14","ts":"2025-11-19T10:50:43.045+00:00","eventName":"n8n.node.started","message":"n8n.node.started","payload":{"workflowId":"xulC3f6S9P2FrlLb","workflowName":"Enviar Invitaciones Automáticas","executionId":"491","nodeType":"n8n-nodes-base.postgres","nodeName":"🗄️ Obtener Invitaciones Pendientes","nodeId":"037ce15c-53af-494b-8dc1-9869170e307f"}}
{"__type":"$$EventMessageConfirm","confirm":"1ed687e3-f14c-4d91-9dc9-4ea9c2a14d14","ts":"2025-11-19T10:50:43.046+00:00","source":{"id":"0","name":"eventBus"}}
{"__type":"$$EventMessageNode","id":"ccfc5bd7-22a6-4ab9-a64c-0459514d5b0a","ts":"2025-11-19T10:50:43.070+00:00","eventName":"n8n.node.finished","message":"n8n.node.finished","payload":{"workflowId":"xulC3f6S9P2FrlLb","workflowName":"Enviar Invitaciones Automáticas","executionId":"491","nodeType":"n8n-nodes-base.postgres","nodeName":"🗄️ Obtener Invitaciones Pendientes","nodeId":"037ce15c-53af-494b-8dc1-9869170e307f"}}
{"__type":"$$EventMessageConfirm","confirm":"ccfc5bd7-22a6-4ab9-a64c-0459514d5b0a","ts":"2025-11-19T10:50:43.071+00:00","source":{"id":"0","name":"eventBus"}}
{"__type":"$$EventMessageWorkflow","id":"81f117be-db4d-4bb5-b76c-bf52b4f0325c","ts":"2025-11-19T10:50:43.071+00:00","eventName":"n8n.workflow.success","message":"n8n.workflow.success","payload":{"executionId":"491","success":true,"isManual":false,"workflowId":"xulC3f6S9P2FrlLb","workflowName":"Enviar Invitaciones Automáticas"}}
{"__type":"$$EventMessageConfirm","confirm":"81f117be-db4d-4bb5-b76c-bf52b4f0325c","ts":"2025-11-19T10:50:43.071+00:00","source":{"id":"0","name":"eventBus"}}
