{"__type":"$$EventMessageWorkflow","id":"72bd66a6-ac32-4a0a-8f89-d4c2b2bacc8e","ts":"2025-11-20T08:45:58.149+00:00","eventName":"n8n.workflow.started","message":"n8n.workflow.started","payload":{"executionId":"514","workflowId":"xulC3f6S9P2FrlLb","isManual":false,"workflowName":"Enviar Invitaciones Automáticas"}}
{"__type":"$$EventMessageConfirm","confirm":"72bd66a6-ac32-4a0a-8f89-d4c2b2bacc8e","ts":"2025-11-20T08:45:58.151+00:00","source":{"id":"0","name":"eventBus"}}
{"__type":"$$EventMessageNode","id":"ff348ed4-680f-4be1-bfab-4228aca18ec0","ts":"2025-11-20T08:45:58.153+00:00","eventName":"n8n.node.started","message":"n8n.node.started","payload":{"workflowId":"xulC3f6S9P2FrlLb","workflowName":"Enviar Invitaciones Automáticas","executionId":"514","nodeType":"n8n-nodes-base.scheduleTrigger","nodeName":"⏰ Cada Minuto","nodeId":"ac88ece8-aea7-4d35-a18e-c15ac7bcc38b"}}
{"__type":"$$EventMessageConfirm","confirm":"ff348ed4-680f-4be1-bfab-4228aca18ec0","ts":"2025-11-20T08:45:58.153+00:00","source":{"id":"0","name":"eventBus"}}
{"__type":"$$EventMessageNode","id":"459d73ae-2d6e-4966-87ba-3c900882b19c","ts":"2025-11-20T08:45:58.157+00:00","eventName":"n8n.node.finished","message":"n8n.node.finished","payload":{"workflowId":"xulC3f6S9P2FrlLb","workflowName":"Enviar Invitaciones Automáticas","executionId":"514","nodeType":"n8n-nodes-base.scheduleTrigger","nodeName":"⏰ Cada Minuto","nodeId":"ac88ece8-aea7-4d35-a18e-c15ac7bcc38b"}}
{"__type":"$$EventMessageConfirm","confirm":"459d73ae-2d6e-4966-87ba-3c900882b19c","ts":"2025-11-20T08:45:58.157+00:00","source":{"id":"0","name":"eventBus"}}
{"__type":"$$EventMessageNode","id":"2e9614d4-bb1e-4692-b549-088445639817","ts":"2025-11-20T08:45:58.158+00:00","eventName":"n8n.node.started","message":"n8n.node.started","payload":{"workflowId":"xulC3f6S9P2FrlLb","workflowName":"Enviar Invitaciones Automáticas","executionId":"514","nodeType":"n8n-nodes-base.postgres","nodeName":"🗄️ Obtener Invitaciones Pendientes","nodeId":"037ce15c-53af-494b-8dc1-9869170e307f"}}
{"__type":"$$EventMessageConfirm","confirm":"2e9614d4-bb1e-4692-b549-088445639817","ts":"2025-11-20T08:45:58.158+00:00","source":{"id":"0","name":"eventBus"}}
{"__type":"$$EventMessageNode","id":"c839f7a7-9c99-4a90-9396-7b7037434915","ts":"2025-11-20T08:45:58.255+00:00","eventName":"n8n.node.finished","message":"n8n.node.finished","payload":{"workflowId":"xulC3f6S9P2FrlLb","workflowName":"Enviar Invitaciones Automáticas","executionId":"514","nodeType":"n8n-nodes-base.postgres","nodeName":"🗄️ Obtener Invitaciones Pendientes","nodeId":"037ce15c-53af-494b-8dc1-9869170e307f"}}
{"__type":"$$EventMessageConfirm","confirm":"c839f7a7-9c99-4a90-9396-7b7037434915","ts":"2025-11-20T08:45:58.255+00:00","source":{"id":"0","name":"eventBus"}}
{"__type":"$$EventMessageWorkflow","id":"5361ec82-993b-4a14-8b11-2a1c449a142b","ts":"2025-11-20T08:45:58.257+00:00","eventName":"n8n.workflow.success","message":"n8n.workflow.success","payload":{"executionId":"514","success":true,"isManual":false,"workflowId":"xulC3f6S9P2FrlLb","workflowName":"Enviar Invitaciones Automáticas"}}
{"__type":"$$EventMessageConfirm","confirm":"5361ec82-993b-4a14-8b11-2a1c449a142b","ts":"2025-11-20T08:45:58.257+00:00","source":{"id":"0","name":"eventBus"}}
{"__type":"$$EventMessageWorkflow","id":"8b2aa3d2-9104-4188-9cbd-acf98d27cdfd","ts":"2025-11-20T08:50:58.063+00:00","eventName":"n8n.workflow.started","message":"n8n.workflow.started","payload":{"executionId":"515","workflowId":"xulC3f6S9P2FrlLb","isManual":false,"workflowName":"Enviar Invitaciones Automáticas"}}
{"__type":"$$EventMessageConfirm","confirm":"8b2aa3d2-9104-4188-9cbd-acf98d27cdfd","ts":"2025-11-20T08:50:58.064+00:00","source":{"id":"0","name":"eventBus"}}
{"__type":"$$EventMessageNode","id":"580587b7-3c52-46fc-b0bd-55d536f55f18","ts":"2025-11-20T08:50:58.064+00:00","eventName":"n8n.node.started","message":"n8n.node.started","payload":{"workflowId":"xulC3f6S9P2FrlLb","workflowName":"Enviar Invitaciones Automáticas","executionId":"515","nodeType":"n8n-nodes-base.scheduleTrigger","nodeName":"⏰ Cada Minuto","nodeId":"ac88ece8-aea7-4d35-a18e-c15ac7bcc38b"}}
{"__type":"$$EventMessageConfirm","confirm":"580587b7-3c52-46fc-b0bd-55d536f55f18","ts":"2025-11-20T08:50:58.064+00:00","source":{"id":"0","name":"eventBus"}}
{"__type":"$$EventMessageNode","id":"db15174c-37a4-4d0c-9411-54719cd7d281","ts":"2025-11-20T08:50:58.064+00:00","eventName":"n8n.node.finished","message":"n8n.node.finished","payload":{"workflowId":"xulC3f6S9P2FrlLb","workflowName":"Enviar Invitaciones Automáticas","executionId":"515","nodeType":"n8n-nodes-base.scheduleTrigger","nodeName":"⏰ Cada Minuto","nodeId":"ac88ece8-aea7-4d35-a18e-c15ac7bcc38b"}}
{"__type":"$$EventMessageConfirm","confirm":"db15174c-37a4-4d0c-9411-54719cd7d281","ts":"2025-11-20T08:50:58.064+00:00","source":{"id":"0","name":"eventBus"}}
{"__type":"$$EventMessageNode","id":"e43afdbc-9fa8-4ed9-bb93-b3a2f00656d0","ts":"2025-11-20T08:50:58.065+00:00","eventName":"n8n.node.started","message":"n8n.node.started","payload":{"workflowId":"xulC3f6S9P2FrlLb","workflowName":"Enviar Invitaciones Automáticas","executionId":"515","nodeType":"n8n-nodes-base.postgres","nodeName":"🗄️ Obtener Invitaciones Pendientes","nodeId":"037ce15c-53af-494b-8dc1-9869170e307f"}}
{"__type":"$$EventMessageConfirm","confirm":"e43afdbc-9fa8-4ed9-bb93-b3a2f00656d0","ts":"2025-11-20T08:50:58.065+00:00","source":{"id":"0","name":"eventBus"}}
{"__type":"$$EventMessageNode","id":"f2fff91d-6fe3-4d39-a6a3-fd6eeaa61634","ts":"2025-11-20T08:50:58.092+00:00","eventName":"n8n.node.finished","message":"n8n.node.finished","payload":{"workflowId":"xulC3f6S9P2FrlLb","workflowName":"Enviar Invitaciones Automáticas","executionId":"515","nodeType":"n8n-nodes-base.postgres","nodeName":"🗄️ Obtener Invitaciones Pendientes","nodeId":"037ce15c-53af-494b-8dc1-9869170e307f"}}
{"__type":"$$EventMessageConfirm","confirm":"f2fff91d-6fe3-4d39-a6a3-fd6eeaa61634","ts":"2025-11-20T08:50:58.092+00:00","source":{"id":"0","name":"eventBus"}}
{"__type":"$$EventMessageWorkflow","id":"9531aaea-7540-40a4-8ca3-4387d3d4d263","ts":"2025-11-20T08:50:58.093+00:00","eventName":"n8n.workflow.success","message":"n8n.workflow.success","payload":{"executionId":"515","success":true,"isManual":false,"workflowId":"xulC3f6S9P2FrlLb","workflowName":"Enviar Invitaciones Automáticas"}}
{"__type":"$$EventMessageConfirm","confirm":"9531aaea-7540-40a4-8ca3-4387d3d4d263","ts":"2025-11-20T08:50:58.093+00:00","source":{"id":"0","name":"eventBus"}}
